581867176
978137880
609998294
581867176
945735661
914201956
885682616
998198735
30240617
972108643
781596913
966982252
862654286
986777310
897539312
643398005
814330329
951312165
883444791
813350754
836787976
642055127
615943535
834766293
945735661
800090931
631880076
966972943
741662976
844821470
945735661
807573579
995135415
104523596
809248429
885682616
916898761
966982252
843944627
814330329
281063109
631880076
689477428
764020257
650709859
972108643
717825763
193794127
783098324
678721405
998198735
104637866
944349970
907104761
906987393
642055127
642055127
834766293
972108643
220948752
620605365
978365354
67740819
995135415
281063109
196897679
724379745
837365455
664443770
945655443
809248429
642055127
313531585
671632958
631880076
941372884
182612663
637459434
994685407
883444791
885682616
620605365
889993389
972108643
485235764
914201956
866908436
644051961
807573579
885682616
581867176
234078661
313531585
776549915
617519029
897539312
995135415
30240617
631880076
776893517
372366221
889993389
343869050
104637866
529745043
809248429
671632958
898116084
485235764
809248429
986777310
865190106
372366221
581867176
518752032
844821470
731192454
978365354
633568423
916898761
906987393
362480841
978137880
914201956
603529909
631880076
142160131
834766293
739798781
415293870
780587962
427555906
567609819
498447413
953495655
624739588
978365354
978365354
953495655
813350754
498447413
837365455
978365354
966972943
812217036
650709859
844821470
995135415
345885059
885682616
865190106
689477428
220948752
994685407
717591104
994685407
345885059
945735661
809248429
889219603
914201956
935535391
978137880
834766293
966972943
615943535
833767413
888015562
953495655
807573579
680168490
807573579
809248429
717591104
739798781
807573579
123365623
914201956
961549154
994685407
945655443
813350754
622342940
837365455
663303419
739798781
954846141
994685407
113967419
807573579
400633673
813350754
739798781
944349970
837365455
998198735
141569166
888015562
914201956
935535391
717825763
779814881
632761951
663303419
123365623
914201956
781596913
633568423
906987393
998198735
637459434
632761951
717591104
862654286
972108643
345885059
233470088
953495655
978365354
951883504
914201956
831734586
882549638
914201956
529745043
837365455
906987393
978365354
753211803
678721405
233470088
822275275
945735661
885682616
998198735
962485179
882549638
581867176
978365354
400633673
962485179
776893517
518752032
360271827
865190106
836787976
885682616
897539312
724379745
615943535
834766293
865190106
620605365
479486224
671632958
994685407
624180644
998198735
781596913
865190106
897539312
609998294
776893517
234850784
837365455
966972943
644051961
814330329
914201956
631880076
689477428
445449493
986777310
689477428
753211803
678721405
529745043
889219603
123365623
615943535
865190106
507605659
941372884
951883504
698801426
844821470
966972943
295869814
807573579
914201956
518752032
717591104
837365455
632761951
822275275
865190106
678721405
224451436
935535391
418500775
313531585
479486224
372366221
934432787
643398005
945735661
852766638
994685407
966982252
631880076
978365354
615943535
837365455
529745043
836787976
966972943
800090931
972108643
776893517
862654286
945655443
939973616
945735661
637459434
885682616
945655443
642055127
141569166
529745043
865190106
731192454
966982252
142160131
907104761
633568423
781596913
741662976
852766638
485235764
889993389
620605365
663303419
865190106
415293870
615943535
627813662
637459434
972108643
615943535
934432787
888015562
852766638
644051961
518752032
781596913
954846141
671632958
992894355
281063109
553791389
539979052
972108643
445449493
945735661
781596913
624180644
882549638
918787596
939973616
632761951
944349970
995135415
809248429
620605365
678721405
944349970
555276516
678721405
883444791
889993389
529745043
837365455
807573579
972108643
632761951
962485179
632761951
994685407
141569166
992894355
678721405
620605365
945735661
863617271
762680620
498447413
739798781
746565331
362480841
966972943
637459434
962485179
837365455
498447413
632761951
844821470
836787976
862654286
343869050
664443770
427555906
807573579
182612663
994685407
941372884
966972943
883444791
961549154
724379745
622342940
723561559
230746172
966972943
994685407
415293870
986777310
966982252
897539312
643398005
986777310
889993389
882549638
783098324
372366221
553791389
746565331
104523596
581867176
689477428
622342940
529745043
776893517
914201956
141569166
954846141
966972943
866908436
427555906
966972943
643398005
498447413
313531585
834766293
852766638
951312165
427555906
837365455
833767413
945735661
731192454
813350754
986777310
862654286
689477428
992894355
739798781
617519029
609998294
852766638
862654286
978365354
633568423
966972943
966972943
529745043
918787596
182612663
898116084
807573579
615943535
918787596
814330329
141569166
834766293
972108643
994685407
844821470
731192454
779814881
631880076
888015562
223559537
529745043
966972943
813350754
671632958
196897679
762680620
885682616
809248429
783098324
678721405
992894355
642055127
862654286
724379745
966972943
916898761
834766293
731192454
196897679
781596913
995135415
918787596
898116084
831734586
507605659
615943535
394986992
563530390
998198735
986777310
739798781
998198735
907397883
643398005
372366221
899804375
907397883
939973616
918787596
945735661
866908436
113967419
518752032
193794127
624180644
831734586
689477428
992894355
776893517
622342940
953495655
230746172
888015562
193794127
783098324
196897679
809248429
230746172
906987393
992894355
642055127
631880076
865190106
780587962
966972943
704103518
689477428
251235716
637459434
567609819
939973616
264961608
609998294
609998294
781596913
885682616
837365455
631880076
966982252
945655443
724379745
837365455
897539312
978137880
994685407
945655443
507605659
310328389
834766293
995135415
622342940
834766293
966972943
753211803
273595924
678721405
624180644
731192454
642055127
834766293
562128904
264961608
717591104
897539312
953495655
622342940
637459434
498447413
333070079
394986992
760568174
553791389
783098324
866908436
689477428
914201956
75302278
935535391
966972943
615943535
863617271
866908436
866908436
836787976
994685407
966982252
834766293
498447413
739798781
814330329
627813662
813350754
615943535
951312165
944349970
445449493
485235764
807573579
445449493
529745043
637459434
961549154
343869050
807573579
831734586
898116084
935535391
698801426
916898761
295869814
812217036
615943535
776893517
193794127
620605365
581867176
888015562
141569166
882549638
753211803
978365354
723561559
995135415
485235764
741662976
663303419
809248429
617519029
754208050
781596913
643398005
916898761
834766293
30240617
994685407
885682616
978365354
998198735
885682616
603529909
966854556
966972943
998198735
807573579
844821470
445449493
813350754
986777310
701708688
631880076
991581366
746565331
951883504
123365623
998198735
142160131
622342940
882549638
966854556
962485179
885682616
813350754
953495655
664443770
807573579
897539312
945655443
889219603
813350754
615943535
609998294
650709859
563530390
343869050
445449493
897539312
498447413
631880076
113967419
812217036
780587962
813350754
234850784
998198735
994685407
807573579
581867176
986777310
809248429
783098324
966982252
678721405
935535391
731192454
986777310
295869814
991581366
230746172
995135415
622342940
637459434
972108643
939973616
671632958
617519029
529745043
935535391
678721405
643398005
995135415
400633673
642055127
962485179
998198735
978365354
954846141
862654286
945735661
813350754
918787596
945735661
897539312
581867176
193794127
366471488
518752032
885682616
897539312
914201956
754208050
627813662
972108643
836787976
539979052
689477428
807573579
762680620
809248429
962485179
953495655
233470088
966982252
807573579
834766293
415293870
67740819
814330329
746565331
935535391
529745043
837365455
141569166
42572364
104637866
394986992
966972943
783098324
831734586
230746172
633568423
862654286
678721405
415293870
885682616
609998294
836787976
704103518
945655443
624739588
603529909
889993389
986777310
885682616
978365354
966854556
814330329
609998294
882549638
837365455
807573579
972108643
994685407
833767413
394986992
844821470
362480841
567609819
863617271
637459434
310328389
991581366
739798781
741662976
42572364
897539312
992894355
962485179
642055127
972108643
865190106
862654286
966982252
603529909
978137880
998198735
978365354
779814881
809248429
953495655
935535391
865190106
615943535
907397883
994685407
539979052
762680620
953495655
415293870
833767413
914201956
345885059
862654286
994685407
360271827
807573579
642055127
966982252
781596913
731192454
882549638
888015562
844821470
944349970
862654286
978365354
539979052
998198735
739798781
310328389
961549154
590667316
966972943
196897679
935535391
806718732
978137880
760568174
978365354
899804375
889993389
945655443
813350754
196897679
966972943
972108643
680168490
415293870
866908436
991581366
678721405
281063109
717825763
833767413
992894355
961549154
193794127
113967419
843944627
994685407
445449493
882549638
485235764
844821470
865190106
837365455
966982252
888015562
251235716
941372884
966972943
631880076
678721405
837365455
739798781
807573579
885682616
837365455
642055127
945735661
127156974
978137880
966854556
998198735
986777310
862654286
844821470
372366221
650709859
966972943
779814881
837365455
898116084
518752032
689477428
394986992
764020257
885682616
196897679
844821470
935535391
966982252
822275275
986777310
754208050
962485179
807573579
914201956
642055127
196897679
620605365
945655443
834766293
234850784
781596913
994685407
295869814
914201956
945735661
678721405
642055127
991581366
966982252
862654286
972108643
230746172
671632958
230746172
746565331
897539312
939973616
897539312
366471488
834766293
689477428
945655443
615943535
844821470
701708688
945735661
951883504
978365354
888015562
897539312
882549638
953495655
814330329
141569166
852766638
603529909
644051961
972108643
273595924
907104761
233470088
945735661
776893517
994685407
914201956
992894355
882549638
776893517
724379745
617519029
529745043
966972943
966972943
966854556
345885059
281063109
945735661
394986992
739798781
67740819
918787596
978365354
615943535
992894355
717591104
360271827
998198735
954846141
865190106
992894355
644051961
372366221
529745043
75302278
978137880
445449493
366471488
620605365
945735661
866908436
518752032
485235764
485235764
779814881
631880076
498447413
945655443
731192454
885682616
479486224
844821470
916898761
813350754
633568423
776893517
620605365
883444791
400633673
553791389
994685407
998198735
954846141
643398005
507605659
366471488
998198735
986777310
941372884
67740819
518752032
865190106
701708688
615943535
889219603
671632958
906987393
415293870
739798781
866908436
907104761
603529909
567609819
831734586
362480841
914201956
834766293
945735661
633568423
883444791
739798781
807573579
615943535
807573579
935535391
704103518
961549154
581867176
809248429
914201956
739798781
837365455
642055127
678721405
372366221
779753754
445449493
882549638
907104761
678721405
783098324
633568423
251235716
632761951
498447413
780587962
966972943
885682616
754208050
852766638
939973616
992894355
836787976
264961608
415293870
951312165
906987393
781596913
223559537
966972943
739798781
196897679
562128904
230746172
994685407
642055127
866908436
807573579
620605365
104637866
966854556
678721405
643398005
30240617
885682616
723561559
809248429
637459434
966972943
944349970
562128904
724379745
343869050
30240617
831734586
962485179
885682616
123365623
563530390
567609819
814330329
400633673
907397883
813350754
836787976
954846141
962485179
865190106
230746172
731192454
998198735
862654286
966972943
995135415
622342940
637459434
631880076
223559537
575589001
882549638
754208050
345885059
914201956
609998294
995135415
897539312
123365623
230746172
992894355
624180644
663303419
862654286
837365455
953495655
994685407
866908436
986777310
935535391
642055127
724379745
966982252
603529909
642055127
230746172
776893517
664443770
844821470
862654286
966972943
807573579
724379745
834766293
637459434
945735661
739798781
918787596
966854556
427555906
837365455
664443770
994685407
813350754
724379745
717825763
888015562
992894355
914201956
631880076
998198735
918787596
994685407
966982252
831734586
366471488
813350754
622342940
632761951
837365455
631880076
781596913
852766638
986777310
992894355
966982252
345885059
935535391
966982252
837365455
834766293
834766293
831734586
113967419
620605365
553791389
945735661
704103518
779753754
978365354
581867176
372366221
123365623
617519029
866908436
945735661
650709859
978365354
620605365
394986992
885682616
813350754
844821470
739798781
529745043
914201956
603529909
897539312
822275275
75302278
603529909
731192454
914201956
273595924
945735661
834766293
781596913
637459434
251235716
781596913
739798781
945655443
224451436
104637866
281063109
678721405
762680620
609998294
978365354
42572364
362480841
394986992
994685407
852766638
345885059
822275275
994685407
966982252
941372884
529745043
224451436
234078661
689477428
233470088
196897679
642055127
343869050
951312165
831734586
935535391
345885059
918787596
313531585
953495655
739798781
603529909
251235716
853094465
994685407
642055127
678721405
844821470
978137880
739798781
992894355
418500775
343869050
966982252
664443770
889993389
945655443
889993389
998198735
741662976
689477428
889993389
724379745
717825763
998198735
445449493
783098324
978365354
918787596
834766293
581867176
863617271
581867176
754208050
898116084
415293870
888015562
885682616
998198735
394986992
724379745
632761951
717591104
731192454
603529909
753211803
809248429
945735661
862654286
624180644
962485179
809248429
951312165
945655443
620605365
739798781
883444791
637459434
906987393
680168490
945655443
781596913
889219603
986777310
620605365
615943535
978137880
951312165
914201956
966972943
934432787
631880076
914201956
678721405
882549638
313531585
998198735
724379745
30240617
992894355
362480841
934432787
620605365
994685407
852766638
615943535
834766293
907397883
833767413
345885059
885682616
945655443
529745043
914201956
485235764
813350754
809248429
834766293
615943535
934432787
779753754
632761951
897539312
415293870
196897679
603529909
776549915
233470088
991581366
863617271
731192454
945735661
934432787
882549638
678721405
617519029
939973616
664443770
30240617
624180644
234850784
627813662
978137880
843944627
862654286
813350754
739798781
671632958
885682616
939973616
812217036
889993389
631880076
837365455
678721405
837365455
779814881
916898761
972108643
837365455
865190106
643398005
918787596
127156974
885682616
680168490
642055127
741662976
764020257
853094465
935535391
445449493
953495655
889993389
995135415
831734586
615943535
637459434
831734586
518752032
723561559
966982252
918787596
907104761
781596913
806718732
995135415
717591104
831734586
498447413
951312165
966972943
553791389
539979052
986777310
889993389
689477428
953495655
844821470
631880076
783098324
972108643
966854556
632761951
182612663
264961608
834766293
620605365
220948752
739798781
992894355
995135415
633568423
127156974
978137880
918787596
945735661
372366221
264961608
780587962
553791389
972108643
853094465
723561559
689477428
575589001
945735661
813350754
978137880
852766638
945735661
518752032
945655443
951312165
862654286
862654286
622342940
807573579
360271827
899804375
182612663
479486224
142160131
994685407
814330329
617519029
223559537
731192454
30240617
563530390
230746172
724379745
978365354
615943535
945655443
689477428
701708688
843944627
680168490
223559537
883444791
954846141
945735661
182612663
230746172
632761951
529745043
30240617
741662976
620605365
343869050
897539312
123365623
866908436
360271827
978365354
400633673
998198735
822275275
853094465
885682616
995135415
273595924
553791389
678721405
779814881
224451436
966972943
731192454
615943535
555276516
345885059
966972943
843944627
941372884
624739588
671632958
945735661
781596913
972108643
776893517
632761951
998198735
883444791
918787596
998198735
844821470
678721405
779814881
889993389
780587962
581867176
837365455
978365354
809248429
897539312
837365455
563530390
182612663
809248429
844821470
609998294
394986992
415293870
800090931
945735661
889993389
762680620
995135415
362480841
717825763
863617271
724379745
632761951
617519029
966982252
865190106
897539312
678721405
362480841
518752032
914201956
783098324
885682616
780587962
935535391
345885059
671632958
643398005
251235716
994685407
918787596
807573579
836787976
678721405
862654286
953495655
813350754
400633673
445449493
234078661
372366221
739798781
104523596
631880076
603529909
182612663
897539312
935535391
972108643
885682616
141569166
914201956
498447413
671632958
972108643
731192454
234850784
888015562
362480841
760568174
723561559
698801426
986777310
897539312
717591104
837365455
400633673
914201956
642055127
518752032
67740819
67740819
671632958
995135415
642055127
998198735
918787596
689477428
995135415
945655443
746565331
837365455
906987393
415293870
862654286
978365354
776893517
972108643
615943535
739798781
230746172
972108643
852766638
230746172
615943535
724379745
643398005
776549915
678721405
507605659
723561559
882549638
951883504
897539312
994685407
234078661
617519029
753211803
898116084
961549154
834766293
575589001
624739588
914201956
631880076
883444791
781596913
907104761
914201956
567609819
781596913
196897679
941372884
954846141
897539312
953495655
966972943
945735661
776893517
689477428
914201956
966854556
954846141
972108643
310328389
343869050
809248429
809248429
42572364
624180644
844821470
916898761
366471488
972108643
362480841
663303419
966982252
918787596
862654286
783098324
372366221
615943535
863617271
998198735
779814881
617519029
555276516
836787976
664443770
813350754
800090931
637459434
590667316
986777310
862654286
631880076
581867176
972108643
966972943
865190106
978137880
529745043
366471488
779753754
230746172
935535391
889993389
814330329
865190106
986777310
885682616
631880076
897539312
518752032
310328389
620605365
632761951
945655443
779753754
836787976
127156974
918787596
689477428
907397883
264961608
978365354
972108643
717591104
914201956
427555906
978137880
485235764
518752032
889993389
978365354
844821470
220948752
603529909
624180644
281063109
972108643
575589001
986777310
678721405
882549638
995135415
394986992
230746172
916898761
223559537
914201956
445449493
889993389
897539312
234850784
485235764
837365455
809248429
966854556
762680620
914201956
196897679
939973616
615943535
113967419
916898761
833767413
678721405
273595924
945735661
362480841
366471488
498447413
104523596
230746172
862654286
764020257
485235764
104523596
779753754
581867176
866908436
753211803
844821470
678721405
507605659
273595924
914201956
852766638
776893517
142160131
914201956
966972943
281063109
992894355
539979052
590667316
916898761
624180644
836787976
966982252
762680620
251235716
837365455
918787596
836787976
844821470
888015562
343869050
633568423
998198735
498447413
897539312
631880076
724379745
972108643
764020257
485235764
754208050
345885059
717591104
264961608
897539312
704103518
281063109
883444791
994685407
781596913
954846141
862654286
637459434
992894355
230746172
234850784
620605365
264961608
627813662
123365623
281063109
978137880
590667316
998198735
939973616
400633673
689477428
978365354
394986992
30240617
617519029
723561559
954846141
951312165
663303419
617519029
966982252
400633673
627813662
633568423
834766293
899804375
507605659
104637866
918787596
994685407
609998294
883444791
945735661
642055127
632761951
986777310
883444791
837365455
251235716
123365623
898116084
897539312
575589001
978137880
704103518
834766293
813350754
837365455
966854556
966972943
717591104
812217036
945735661
945735661
994685407
998198735
951312165
918787596
664443770
724379745
836787976
776893517
724379745
951883504
193794127
776549915
807573579
809248429
899804375
935535391
366471488
680168490
624180644
75302278
644051961
941372884
994685407
671632958
945655443
