617629886
525163554
605477272
881984333
511129781
610678845
473611752
807716568
96231172
71299
861302310
521751293
910467521
825489582
800331633
984266643
947945232
473611752
538844146
803930287
617629886
617629886
847168267
231898488
982615208
720064295
947945232
947945232
861302310
307530878
932156418
327446300
595073577
120800762
538844146
859412010
959707303
262987080
801104215
120800762
538486778
881984333
841151435
123073908
626317458
258880877
495341477
595715740
190398883
595073577
673827029
971785587
511129781
933082873
636402305
626753212
687048221
26607466
761805945
863732473
473611752
947945232
943454136
238971795
511129781
614151479
841151435
999351093
905272340
976122801
673827029
828011883
258880877
626753212
669097888
190398883
772307353
120800762
466733831
932156418
209099937
231898488
636402305
772490740
932156418
497049224
748776822
825489582
527141334
982615208
836339669
998504289
523200172
636402305
548560483
279027425
466733831
907711848
748146461
262987080
742960249
632245901
699715458
420734832
982615208
801104215
610678845
668508100
619264704
662825887
795518918
218934110
946973951
289720149
361918939
523200172
896805809
955154251
705580706
475275312
983875392
807716568
742960249
262987080
831651908
795518918
190398883
1775684
959603007
61195255
495341477
720064295
696297348
595073577
892713303
748776822
966374717
863732473
94741704
772307353
473611752
696297348
410892938
673827029
363185022
269995148
984266643
511129781
847168267
348601422
785864107
130431789
511129781
772490740
710202823
541507388
760730745
511129781
663600365
527141334
61195255
511129781
907711848
761805945
803102970
875071552
209099937
538486778
984266643
918015320
626317458
363185022
959707303
998504289
130431789
956193004
262987080
262987080
16033141
595073577
218934110
760730745
28828848
122376541
673827029
950228615
361918939
947945232
632245901
269995148
923066590
847168267
959707303
605477272
748776822
1775684
971785587
727909158
610678845
880445223
954707353
415856501
872791201
673827029
960769437
446757177
956193004
548560483
720064295
892713303
617629886
999351093
525163554
473611752
626753212
636402305
858092697
705580706
369229167
662825887
420734832
859412010
760730745
224195558
872791201
800331633
729080306
761805945
955154251
910467521
804252815
771837784
475275312
497049224
289720149
224195558
466733831
663600365
966374717
893077166
748776822
122376541
190398883
673827029
636402305
875071552
807716568
647057613
327446300
289720149
960769437
538844146
880445223
858092697
785864107
636402305
681760551
605477272
893077166
983875392
984266643
348601422
410892938
673827029
307530878
729080306
943454136
548560483
466733831
801104215
905272340
959603007
905272340
123073908
954707353
662825887
647057613
848564250
527141334
242474452
905272340
681760551
22955048
751196041
748776822
122376541
307530878
828011883
803930287
538844146
248066432
669097888
889324970
61195255
140841835
626317458
905272340
218934110
828011883
595073577
363185022
696297348
262987080
262987080
702823076
772490740
933082873
590068408
841151435
548560483
751196041
669097888
171203656
231898488
538844146
466733831
61195255
128619499
113157568
729080306
771837784
959603007
527141334
984266643
130431789
647057613
828011883
959707303
706976777
122376541
699715458
861302310
966374717
932156418
771837784
848564250
720064295
966374717
702823076
318847066
772490740
742960249
590068408
905272340
525163554
759950132
748146461
841151435
190398883
918015320
943454136
940612081
446757177
875071552
947945232
566845025
16481026
636402305
610678845
16481026
541507388
759950132
145113019
785864107
590068408
828011883
187276585
632245901
858092697
473611752
538844146
343646286
71299
610678845
890449929
361918939
706976777
307530878
859412010
258880877
910467521
831651908
907711848
363185022
22955048
984266643
889324970
258880877
933082873
626317458
803102970
772307353
16481026
511129781
905272340
632245901
668508100
16033141
647057613
130431789
801104215
907711848
956193004
704193047
617629886
983875392
760730745
932156418
120800762
848564250
668508100
548560483
943454136
999351093
870507109
580459629
999351093
662825887
511129781
704193047
960769437
128619499
847168267
847168267
595715740
976122801
526986724
71299
943454136
224195558
626317458
61195255
751196041
262987080
720064295
307530878
307530878
861302310
526986724
751196041
511129781
946973951
804252815
870507109
870507109
113157568
548560483
548560483
684932992
258880877
523200172
890449929
761805945
720064295
390829627
907711848
577181558
663600365
828011883
950228615
400653015
801104215
803930287
595073577
707106539
881984333
307530878
605477272
343646286
735697330
595073577
863732473
889324970
363185022
807716568
668508100
610678845
624565227
759950132
610678845
689844530
617629886
61195255
947945232
662825887
748146461
511129781
706976777
831651908
231898488
617629886
521751293
113157568
262987080
196272179
237204505
523200172
984266643
795518918
626753212
729080306
960769437
548560483
61195255
183728977
538844146
187276585
861302310
889324970
712210592
61195255
171203656
735697330
841151435
795518918
760730745
400653015
863732473
231898488
473611752
704193047
410892938
663600365
889324970
923066590
984266643
707106539
363185022
538844146
772307353
24298108
943454136
307530878
663600365
473611752
511129781
982615208
772490740
663600365
861511494
258880877
473611752
400653015
800331633
983875392
706976777
538486778
825489582
861302310
681760551
859412010
238687971
473611752
511129781
190398883
108615208
681760551
892713303
982615208
626317458
748776822
610678845
748776822
387013947
831651908
196272179
595073577
890449929
541507388
617629886
720064295
702823076
706976777
760730745
804252815
626317458
943454136
279027425
751196041
28828848
729080306
248066432
538844146
644723909
24298108
595073577
955154251
16481026
538486778
976122801
348601422
279027425
729080306
525163554
772490740
742960249
947945232
893077166
803930287
538844146
231898488
706976777
828011883
269995148
729080306
841151435
966374717
983875392
801104215
647057613
947945232
800331633
932156418
828011883
892713303
605477272
595715740
61195255
190398883
933082873
947945232
523200172
538844146
327446300
861302310
415856501
971785587
959707303
183728977
624565227
94741704
475275312
171203656
966374717
807716568
751196041
289720149
577181558
511129781
943454136
415856501
387013947
828011883
626753212
610678845
858092697
720064295
590068408
828011883
617629886
636402305
771837784
710202823
960769437
896805809
525163554
748776822
848564250
976122801
803930287
707106539
624565227
847168267
187276585
16481026
907711848
760730745
96856256
976122801
880445223
681760551
262987080
577181558
998504289
525163554
772307353
327446300
760730745
720064295
795518918
748146461
538844146
947945232
662825887
610678845
954707353
387013947
859412010
669097888
859412010
614151479
626753212
836339669
187052534
859412010
525163554
647057613
735697330
947945232
880445223
735697330
751196041
889324970
772490740
966374717
473611752
61195255
825489582
862737586
238971795
983875392
644723909
218934110
923066590
363185022
956193004
954707353
947945232
841151435
624565227
617629886
617629886
932156418
956193004
720064295
858092697
841151435
701071935
831651908
595073577
466733831
238971795
918015320
548560483
905272340
875071552
742960249
859412010
729080306
7974183
983875392
120800762
590068408
538486778
16033141
841151435
727909158
828011883
94741704
870507109
511129781
190398883
943454136
959603007
410892938
610678845
183728977
982615208
687048221
626317458
760730745
947945232
828011883
959707303
947945232
289720149
923066590
610678845
614151479
689844530
771837784
807716568
848564250
896805809
566845025
918015320
420734832
473611752
577181558
881984333
475275312
706976777
943454136
976122801
327446300
1775684
145113019
859412010
242474452
538844146
525163554
120800762
943454136
848564250
307530878
363185022
209099937
318847066
190398883
16033141
803930287
24298108
727909158
636402305
595073577
870507109
96231172
863732473
209099937
748776822
923066590
836339669
108615208
318847066
361918939
318847066
960769437
772307353
710202823
446757177
881984333
706976777
706976777
224195558
28828848
950228615
673827029
828011883
976122801
497049224
289720149
673827029
803930287
662825887
772490740
497160909
892713303
772307353
626753212
841151435
663600365
729080306
626753212
984266643
269995148
760730745
947945232
896805809
511129781
735697330
390829627
729080306
772490740
932156418
859412010
647057613
918015320
742960249
923066590
94741704
771837784
998504289
828011883
760730745
538844146
473611752
595715740
940612081
759950132
759950132
473611752
729080306
751196041
803930287
521751293
525163554
923066590
617629886
548560483
875071552
696297348
663600365
521751293
534834724
932156418
538844146
689844530
662825887
890449929
982615208
123073908
905272340
875071552
248066432
237204505
759950132
803102970
523200172
669097888
984266643
673827029
71299
940612081
861302310
959603007
772490740
231898488
841151435
999351093
742960249
595715740
890449929
262987080
511129781
113157568
983875392
361918939
704193047
959707303
209099937
699715458
538486778
828011883
960769437
636402305
26607466
960769437
626317458
221741872
577181558
473611752
663600365
704193047
538844146
959707303
361918939
795518918
699715458
595073577
943454136
696297348
804252815
595073577
108615208
610678845
22955048
511129781
707106539
538844146
343646286
889324970
521751293
771837784
701071935
848564250
923066590
209099937
863732473
577181558
959603007
706976777
940612081
771837784
123073908
687048221
566845025
735697330
696297348
923066590
511129781
771837784
772307353
923066590
644723909
923066590
751196041
712210592
772307353
932156418
836339669
108615208
497160909
889324970
896805809
590068408
759950132
892713303
983875392
932156418
960769437
538844146
548560483
923066590
633393732
521751293
183728977
595715740
541507388
541507388
130431789
580459629
918015320
858092697
704193047
590068408
511129781
760730745
742960249
626317458
120800762
538486778
772490740
669097888
669097888
946973951
863732473
318847066
742960249
94741704
681760551
511129781
209099937
511129781
348601422
959707303
966374717
237204505
258880877
681760551
772307353
771837784
748776822
848564250
626317458
881984333
892713303
760730745
999351093
748776822
771837784
751196041
742960249
785864107
795518918
841151435
473611752
704193047
940612081
960769437
795518918
511129781
861511494
289720149
795518918
614151479
760730745
495341477
751196041
307530878
742960249
238971795
959707303
940612081
892713303
190398883
633393732
735697330
785864107
26607466
861302310
828011883
705580706
940612081
735697330
626317458
681760551
772490740
825489582
923066590
966374717
511129781
636402305
538844146
970059585
828011883
663600365
541507388
318847066
801104215
473611752
662825887
258880877
218934110
742960249
720064295
706976777
61195255
772307353
892713303
893077166
577181558
831651908
577181558
729080306
905272340
947945232
673827029
258880877
669097888
28828848
363185022
595715740
918015320
238971795
636402305
242474452
984266643
720064295
859412010
497160909
673827029
369229167
644723909
836339669
932156418
526986724
361918939
681760551
998504289
825489582
889324970
982615208
772307353
258880877
828011883
548560483
795518918
590068408
760730745
772490740
525163554
889324970
803930287
644723909
998504289
795518918
970059585
473611752
473611752
751196041
940612081
624565227
238971795
590068408
171203656
729080306
190398883
710202823
681760551
122376541
538844146
943454136
541507388
348601422
771837784
807716568
861511494
327446300
123073908
390829627
7974183
187276585
410892938
831651908
959707303
795518918
966374717
534834724
473611752
748776822
803930287
801104215
910467521
720064295
748776822
605477272
16033141
123073908
956193004
800331633
187052534
22955048
807716568
521751293
218934110
538844146
918015320
795518918
859412010
759950132
748776822
681760551
999351093
772307353
956193004
794931130
521751293
910467521
704193047
923066590
390829627
999351093
183728977
668508100
760730745
859412010
727909158
785864107
947945232
681760551
998504289
803102970
617629886
525163554
289720149
363185022
258880877
956193004
626753212
662825887
525163554
751196041
943454136
96231172
863575190
307530878
889324970
910467521
706976777
966374717
858092697
983875392
369229167
847168267
415856501
511129781
712210592
803930287
923066590
521751293
663600365
946973951
794931130
590068408
289720149
473611752
525163554
966374717
122376541
828011883
644723909
923066590
880445223
696297348
262987080
617629886
171203656
289720149
262987080
759950132
363185022
71299
363185022
892713303
696297348
511129781
605477272
905272340
96231172
262987080
966374717
729080306
959707303
947945232
828011883
836339669
881984333
918015320
800331633
495341477
828011883
940612081
983875392
511129781
923066590
748776822
706976777
475275312
541507388
984266643
687048221
473611752
511129781
617629886
541507388
918015320
710202823
848564250
242474452
221741872
825489582
96856256
668508100
932156418
803930287
605477272
795518918
982615208
905272340
644723909
16033141
289720149
761805945
932156418
26607466
950228615
242474452
950228615
113157568
932156418
751196041
998504289
523200172
828011883
841151435
841151435
946973951
870507109
803102970
720064295
966374717
982615208
687048221
847168267
735697330
748776822
140841835
804252815
307530878
881984333
96231172
959707303
983875392
258880877
538844146
238971795
954707353
706976777
727909158
644723909
923066590
863575190
626753212
410892938
636402305
772490740
803930287
956193004
566845025
947945232
761805945
841151435
28828848
497049224
387013947
742960249
16033141
970059585
466733831
610678845
720064295
410892938
633393732
956193004
218934110
400653015
742960249
410892938
61195255
889324970
947945232
861302310
673827029
704193047
538844146
751196041
701071935
947945232
647057613
748776822
983875392
735697330
218934110
735697330
387013947
859412010
828011883
595715740
183728977
742960249
841151435
794931130
390829627
190398883
61195255
538844146
526986724
171203656
221741872
940612081
712210592
959707303
681760551
976122801
959603007
687048221
861302310
663600365
242474452
580459629
633393732
525163554
947945232
121693343
673827029
960769437
538844146
1775684
289720149
890449929
976122801
863732473
720064295
751196041
772307353
548560483
96231172
238687971
729080306
636402305
807716568
702823076
61195255
742960249
959603007
446757177
966374717
932156418
123073908
803930287
538844146
171203656
742960249
668508100
497049224
526986724
710202823
976122801
644723909
966374717
113157568
848564250
669097888
237204505
943454136
943454136
807716568
772307353
712210592
113157568
710202823
96856256
475275312
511129781
96231172
400653015
759950132
473611752
590068408
497160909
662825887
706976777
473611752
548560483
759950132
681760551
668508100
605477272
511129781
907711848
196272179
61195255
1775684
636402305
663600365
636402305
720064295
959707303
916085374
617629886
923066590
828011883
258880877
710202823
828011883
760730745
760730745
748776822
548560483
626317458
828011883
16033141
946973951
420734832
538486778
954707353
123073908
22955048
614151479
804252815
889324970
140841835
190398883
363185022
523200172
932156418
947945232
318847066
831651908
663600365
218934110
970059585
28828848
526986724
242474452
748776822
363185022
190398883
982615208
742960249
279027425
983875392
982615208
538844146
863732473
841151435
231898488
729080306
681760551
803930287
760730745
668508100
803930287
841151435
803102970
982615208
863732473
760730745
918015320
947945232
761805945
28828848
307530878
525163554
923066590
61195255
946973951
595715740
946973951
363185022
61195255
923066590
889324970
626317458
828011883
907711848
610678845
760730745
950228615
668508100
145113019
932156418
605477272
910467521
760730745
742960249
361918939
828011883
947945232
221741872
872791201
729080306
959707303
966374717
943454136
415856501
701071935
984266643
668508100
905272340
940612081
748146461
71299
801104215
511129781
595715740
943454136
772307353
859412010
905272340
761805945
960769437
521751293
742960249
196272179
828011883
748776822
983875392
794931130
237204505
859412010
113157568
262987080
940612081
966374717
735697330
400653015
759950132
863575190
742960249
748776822
94741704
538844146
771837784
369229167
410892938
825489582
363185022
327446300
704193047
760730745
28828848
982615208
269995148
605477272
872791201
343646286
242474452
662825887
122376541
577181558
706976777
881984333
113157568
735697330
772490740
970059585
836339669
580459629
527141334
668508100
828011883
61195255
841151435
699715458
647057613
511129781
880445223
644723909
861302310
932156418
918015320
538844146
999351093
907711848
7974183
231898488
861302310
511129781
960769437
525163554
858092697
916085374
16033141
327446300
785864107
231898488
687048221
959707303
803930287
28828848
662825887
595073577
751196041
983875392
742960249
7974183
538844146
548560483
262987080
534834724
828011883
751196041
668508100
761805945
548560483
123073908
971785587
400653015
669097888
861302310
847168267
984266643
669097888
772490740
61195255
976122801
511129781
893077166
668508100
751196041
289720149
940612081
932156418
238971795
795518918
595073577
348601422
932156418
327446300
577181558
704193047
892713303
983875392
61195255
795518918
289720149
982615208
673827029
748776822
861511494
614151479
626317458
701071935
71299
668508100
960769437
751196041
859412010
521751293
190398883
794931130
269995148
998504289
720064295
785864107
128619499
473611752
847168267
348601422
548560483
145113019
96231172
729080306
947945232
636402305
729080306
955154251
889324970
617629886
847168267
795518918
636402305
590068408
862737586
729080306
861302310
289720149
248066432
870507109
262987080
955154251
932156418
662825887
801104215
999351093
863575190
905272340
976122801
248066432
673827029
636402305
669097888
626317458
61195255
893077166
343646286
626753212
669097888
729080306
959707303
982615208
848564250
751196041
289720149
710202823
760730745
538844146
610678845
183728977
669097888
610678845
644723909
511129781
24298108
523200172
892713303
511129781
801104215
998504289
956193004
801104215
624565227
279027425
918015320
511129781
343646286
999351093
669097888
881984333
729080306
905272340
984266643
848564250
742960249
803930287
896805809
669097888
984266643
525163554
541507388
841151435
113157568
889324970
932156418
61195255
61195255
905272340
289720149
410892938
632245901
497160909
999351093
841151435
96231172
861302310
626753212
171203656
221741872
706976777
410892938
662825887
751196041
473611752
940612081
190398883
511129781
861302310
999351093
183728977
590068408
534834724
772490740
807716568
999351093
807716568
998504289
238971795
473611752
705580706
497160909
187276585
26607466
624565227
415856501
932156418
1775684
785864107
610678845
523200172
662825887
861511494
918015320
590068408
984266643
108615208
466733831
932156418
644723909
932156418
527141334
279027425
548560483
619264704
923066590
231898488
108615208
959707303
626317458
701071935
289720149
190398883
662825887
706976777
761805945
258880877
954707353
696297348
946973951
61195255
742960249
943454136
242474452
237204505
511129781
943454136
748146461
497049224
803930287
218934110
983875392
363185022
262987080
761805945
836339669
122376541
22955048
954707353
523200172
258880877
699715458
943454136
836339669
803930287
923066590
748776822
861511494
890449929
841151435
923066590
998504289
224195558
971785587
221741872
998504289
96231172
760730745
735697330
495341477
626317458
687048221
960769437
947945232
318847066
577181558
224195558
171203656
943454136
187276585
258880877
258880877
258880877
183728977
847168267
950228615
959603007
681760551
772490740
26607466
632245901
566845025
7974183
772307353
955154251
748776822
684932992
889324970
748776822
521751293
807716568
