15514790
501706427
115320878
116932048
368694541
104139956
368694541
488702131
194799750
662834542
162341506
12299246
394941092
733335057
202454615
902751826
873132444
220853910
901438559
190425682
873923888
650074818
290800330
994019513
317678275
128275449
912173839
691012456
677509434
538222789
712738956
992568767
881748973
201062832
865298778
879383862
948161651
748874625
850767409
845918337
826900899
613866345
911830480
938057569
235206809
199703922
650700764
45097463
671492352
248898908
996154229
319426718
753301189
657754748
918895729
19138838
696615945
882727212
788398943
441285349
66868421
274140206
789239604
149198154
987421950
188171046
502356359
908629670
722427300
692210162
200059240
469782683
843582868
55072757
264775909
156890102
235206809
633161452
579368817
594019702
901902852
488322410
872243673
300041091
47616423
873923888
762804818
610348808
272438068
813492606
765515522
880308391
783934516
708934799
80814166
574585145
220212488
30769384
88290000
104710983
461403361
79038079
214001559
30815805
541911341
741711649
968992170
181401794
133279772
913731294
507558758
938791565
705234413
175320014
490082834
868133004
901902852
266141584
525314649
306208155
609989284
887749520
104710983
971047966
965615803
694210183
487439879
674294441
317766977
59360810
211765115
808312398
14779142
849551330
975868349
995785997
474142943
673333097
987421950
388696390
768471158
133171080
865934774
353352978
72375615
997634997
626762566
989471630
25281682
271838053
357280002
873867197
306124278
912276313
66335581
537610311
918945957
623434908
405516233
720607908
525106585
859483815
514505482
347717736
421387745
621755400
809708564
531806062
874095464
997770622
302023568
414699494
378624870
130859881
24004365
934292346
746690173
221317431
974256404
167164425
595828017
746149875
317057725
184814606
95284517
992561221
886202953
883349239
179045528
950690943
128922070
425130716
603824355
103427165
704425166
198474715
247039121
677344948
292773704
202454615
159013879
797789851
483450249
639238622
423018227
621829310
529717758
783934516
974256404
264738651
149554060
238171337
798994747
89390174
601344216
321532013
734712508
721462095
580055996
640279326
49907952
930129940
877801160
766859432
216047033
360661329
76224272
963113793
962118959
341940763
827485756
174279940
676785683
5818760
309847459
876586173
574585145
814416970
978964760
225459419
679343006
718697059
352393637
507870768
336335109
518849293
955376184
124407519
413800118
727228232
233388263
66335581
207803390
548159963
741428263
545753027
529717758
697092429
206754517
105017579
492284999
478180382
293914603
950690943
831730498
299315406
962118959
32062068
369787752
390610319
457061490
856374113
560886286
837630467
953119356
694153370
714555624
640389156
427474462
366795336
803159101
111672061
109185311
188171046
683010947
262556941
942565805
753301189
216047033
802501743
71590519
812734328
419938171
676193289
517441096
326690215
875268366
898514328
313497236
517441096
369517949
223563486
617345369
144146018
202947097
918945957
156299874
797239276
955376184
254543982
467401731
369787752
362770425
346196069
882727212
405516233
20524732
30815805
599044908
666129745
203428797
551173375
228844005
995889231
785356350
308986341
232802685
916812606
45420930
656396206
220986624
44748615
710256419
923663531
602666518
809458576
966332341
933296130
988347081
248084415
359764226
768875352
154949713
712984973
944181265
59623052
964534175
621755400
853613600
492952703
390610319
79038079
538599065
531084384
952235402
60368583
76586129
159015524
751156086
594732615
724619054
947613826
595967450
870050362
502864842
753123885
594732615
279625176
589990982
230935346
557279261
985556035
870050362
701888311
527006669
686513310
575106256
529078871
527006669
473126778
622181804
501272358
819192782
347120584
225930642
341174733
253388500
947443677
149523404
145864463
459144492
7217966
627235413
675953752
124407519
498273837
175729785
67795243
128666563
241079763
421377593
292773704
239053446
7865496
110988914
854569677
768471158
497716438
154043624
335002911
427668017
541911341
622141196
893001474
245142140
156890102
279824423
883349239
751449246
392448342
306208155
937788728
447121915
248084415
575106256
642398636
666129745
676756291
402531218
140589573
912173839
146715967
126284116
859483815
553120273
965956468
968992170
840298921
536599293
621829310
257370492
432068199
913731294
327730663
215662064
110751722
698129891
55504291
467401731
872910551
490215634
72999732
548159963
184942355
26798932
823583787
994021095
870400949
72375615
948161651
181961492
775934277
309847459
481934519
963113793
750062046
50329098
510743814
205122131
812597220
669087569
818537914
968234565
525055629
794347285
812734328
882370997
557179070
85549510
494714427
948497600
110804209
539345101
741428263
462759479
91860480
938602188
843468556
454890587
346181941
725583541
126055614
637497354
335919020
284011913
554854842
950690943
850193731
55059508
895248864
97959381
163749206
118793810
913731294
446392250
947443677
962082380
885536181
375210440
694479767
771459227
289736871
342813964
203124479
502864842
422867386
107464908
528388000
674267151
562544022
513689526
165737242
65516036
746762188
652349599
289838459
390610319
481210060
734712508
723076396
973125737
421966414
584866049
648014035
505575021
430132587
968992170
859483815
652349599
494887534
322517113
249991724
802501743
499380585
321532013
6306334
806891632
918589670
868133004
624558222
444323591
95284517
160676758
252109247
208401115
58524878
789044795
835294369
279824423
694210183
110751722
154059747
730403609
932189326
232671991
866483540
225930642
695928936
679892851
59884197
375800209
584866049
734712508
183431248
144881415
214322035
706908967
481934519
642811450
372521404
403426703
271838053
239053446
576957120
517232296
608167593
998735798
819192782
128278894
25187093
85549510
947613826
808712387
159013879
131307489
626481026
356782087
468310799
925833311
72287637
809730684
574230861
482474816
599044908
582622061
831730498
992575131
802501743
723612649
469613627
694479767
262556941
875268366
467401731
758011416
686513310
707494343
816623549
501706427
548108972
168987361
844148759
50329098
998876057
338620050
113779445
897072148
603824355
558069393
673333097
447388208
490082834
214689229
603824355
901902852
668868216
459144492
921777010
16969704
440649362
401484054
630194597
470801082
631658490
634561213
243000750
762720060
636111241
814416970
947613826
845397538
14067236
160703568
677511457
548554957
787380897
80814166
200059240
891989260
58816082
422318222
76224272
26798932
149523404
945161055
742882588
890662744
567447936
694153370
496407813
964622715
673345731
297164177
7203756
194842622
109580628
473375643
876586173
574227810
429448531
912314364
584866049
493458434
52448429
726936680
788398943
113903157
375210440
429852568
980601818
248898908
218920173
372521404
819192782
423018227
336335109
687594549
563625428
894458029
892985855
864018683
304638939
843101447
308725510
385829502
606423330
85026276
57006533
112982010
819417117
881774616
522127718
454890587
932012865
738716260
643790141
315069821
837630467
184925168
991020407
652357103
779432432
131307489
179919654
820753987
704425166
36640337
464727338
998735798
335733602
603683513
677012522
998735798
672836086
232671991
253609020
895248864
158137141
333457158
640279326
36911244
557279261
848904161
310345639
877865577
361655300
849736024
676193289
324631340
55052801
827389513
463033377
454767802
421387745
509094898
497716438
486036667
174662041
276675912
919268528
154059747
148584372
695928936
3716333
718260582
148609634
415985997
170296101
564858590
152665349
137578968
760938397
787380897
330298932
527148365
313946903
472878649
845918337
235206809
636962326
668834510
236152437
730662311
308986341
548108972
50329098
390211817
105266398
244892299
550467382
327014085
742766304
957476033
288130155
607547354
202947097
847100198
881748973
97268376
850193731
388966141
443154493
51031751
591822907
402162080
527148365
954974843
488579307
326690215
494887534
860621623
304638939
810744419
385409902
905038200
665081430
341403556
850193731
82175678
912521312
921777010
40408009
710256419
977595278
603968384
3755569
363454292
214689229
718697059
409088491
100085893
602885237
61541450
459556816
47616423
840298921
977595278
264738651
60091216
753301189
372885293
817912301
877865577
89390174
32062068
549131169
977595278
291317116
881104400
31694943
965615803
723602956
123613421
909773020
124407519
494887534
154305435
196873010
508649725
110804209
65052440
208957590
539912925
240692591
6006180
202773977
674118667
670527639
25700236
545753027
730228656
105017579
388361147
727558178
969270431
843444922
105017579
96108388
405302472
89835924
971131661
7217966
459556816
335733602
938791565
712261752
260387383
44427565
683804833
756529942
951087588
841062749
561267189
572316132
477006458
55504291
668714038
670608450
942435459
421841985
820318487
601129340
18258520
306124278
631154922
999811236
812464894
473126778
537807023
533617644
745455490
608785514
128666563
710561312
686513310
885008008
335919020
477381433
502576849
763327235
949036207
748707360
264738651
579115746
667675592
235206809
110988914
603824355
414378101
558069393
378138606
727228232
673345731
257815413
904027036
819210751
902487893
479990765
752449104
777362862
340414991
858380294
534935015
858070468
819417117
709099222
595805102
12017122
214689229
29109929
336335109
379571829
899742020
677012522
958391792
78377275
768929694
309033705
312708444
325969606
446471313
697092429
867697425
777244232
585365512
33020298
164035705
981615068
726936680
548130179
950169481
537708870
316582056
376404950
313668841
934292346
465748604
718697059
241708976
427474462
635326660
293663554
977595278
92164577
475477687
194097400
205451817
233135255
391225370
257815413
591822907
253834290
621447286
470801082
599372482
234236097
70613651
766859432
448752959
748874625
965956468
679892851
864018683
905927081
385516484
