711656093
585446263
729755847
894835782
448504938
152227609
523769880
242302969
495506388
868480304
955484114
25057533
724204518
994429419
248754959
301446771
95240846
702403336
66581287
304747798
907692899
64997719
58801304
926781884
729755847
262915331
701133912
278145071
545701890
925425452
806591162
756816787
538773221
318193658
592151522
352929627
267506510
266561191
236225583
761500923
681080474
661342290
959647218
618687579
859767909
695088392
237267607
763553096
340916430
946390770
411270461
85222141
973555043
817118226
172783729
272984678
902441954
429000201
727980458
266151840
9209710
526286533
7725930
692063545
400077952
884244363
786036303
930044834
742844463
251323496
20041599
502368789
805646392
966531168
592826146
481178812
528218471
206303408
868017377
244784537
495895421
128157570
211506667
915213520
242302969
191097601
995632544
26662222
741509678
611278740
637716569
747937835
267506510
743975596
63229052
466158028
485995081
280754574
552701711
685659427
486003988
786868190
124619664
539104432
541611523
901460736
823329028
780744543
846828796
519844390
855821933
711547994
43413683
912899139
718612464
482081632
613689825
792161646
278145071
950342106
913000462
648897351
106567263
911349720
111101847
823954141
888565726
385161122
958810793
194149130
542470352
181998815
930044834
330714472
123324533
687580266
867877897
991244820
144528697
18989168
515847738
358109686
771286606
535832558
941193886
17468430
959701855
319715068
960719104
43007580
60278037
458563911
383268735
223343655
434345505
477352433
726673575
453566649
334834502
560350259
349939744
78844413
669353244
222047056
412677838
502109515
111420284
994312045
622306525
90884742
82726945
195150341
28470220
382871760
151151724
677453613
992715383
544614421
12685280
650531891
522485162
85160057
341377495
716757198
978753848
978753848
328834414
420434635
765074014
585161554
923718926
432006926
852549587
141016949
569617265
162998486
645822832
115848656
355072746
695356358
716993333
183407998
590278243
356595058
505261629
849588706
281152676
829542716
20656619
827912997
864923794
870156685
686237415
705586081
839878604
258577351
660047005
545860954
389462288
438452882
902441954
939934005
216597174
679977647
646362134
88094575
868017377
710769268
714975037
349939744
894835782
918351205
75149382
703457835
886978508
559149683
436584139
30355586
680177758
894835782
383268735
592788783
477709179
585446263
794889010
487630308
968401776
620875608
468882653
241184959
379413461
888746409
471218463
381405393
434298057
983407944
913048963
923087323
539104432
198572347
608580821
145052106
16108174
882729215
439667544
526286533
926824367
647509023
959647218
998226229
338606985
984854941
868518923
994429419
16005056
448532096
878066205
949874301
118948995
916773068
914474913
111479548
764309513
328361720
381638860
562598260
858967567
277327562
993005504
433845628
304212213
448504938
139097693
536491935
419799682
156438617
560095300
622306525
620875608
483487350
216588357
5358618
43720137
844924520
904747101
303916704
382871760
639654681
64255092
778212785
246163778
559322164
847339432
790509680
681629320
991664784
288765729
786036303
934932263
400077952
517703424
765074014
647323962
286286122
340059787
703815845
669353244
627534117
267506510
206303408
949874301
340916430
423406627
551956677
975657016
681151592
911091683
720208180
645688509
847325107
20967672
611278740
525762223
307088829
125906349
813853008
779285137
894738369
741704379
990625289
530935800
794561151
623793671
350875006
525581906
807211517
278694058
451026798
340094669
474010143
704924610
832378604
128157570
668816397
368519077
339433911
883829234
410499888
983407944
525106432
38004863
831598739
470986680
262999006
618142190
844924520
627320617
903180776
790509680
95240846
921490673
803959344
524795708
20041599
940415960
64683485
639947016
622061947
329327499
332520905
164918901
327677456
381153966
303916704
206035735
336626324
833992476
985325586
87350707
912531039
713263345
434435592
665045243
600278584
429000201
467970810
506951198
424536279
840058851
70268544
352260259
495895421
818850462
832378604
712381126
731654104
310952308
862706528
665045243
509654289
118744652
565285966
613636262
932738607
14721181
301176657
731654104
810389725
252438787
990619214
603705613
989623591
724003232
525581906
627957112
441586074
517457244
774228764
908609633
252438787
428518303
274648371
73885722
567026551
987821880
958073435
467970810
502368789
133685078
632186239
653167097
453566649
157410588
690969834
764447423
931709584
317915406
867877897
769599629
248754959
529348078
505261629
749586068
868017377
57538543
958468966
325602965
847949512
277327562
16005056
539503098
758339482
229718080
949874301
866781138
320885419
845214204
372325331
516700128
202374104
758339482
194041604
542300397
774252647
883829234
732829559
733205667
511696774
310365062
594738788
118948995
419810472
59289834
93438087
347193811
423406627
718771374
204286638
718078378
382871760
639387749
856295288
847339432
58602875
646758410
618687579
660047005
939934005
501088052
226767052
902097599
983407944
921490673
303916704
645822832
694524454
332617030
346670081
794512573
278694058
268288445
865579301
741509678
718562691
165944031
284182378
453566649
708358193
55505980
498351098
281036315
211646862
826466946
630389288
531181738
351199207
519801870
545860954
358900845
588123884
641990957
614642484
803229377
489836480
765074014
504479872
679977647
695356358
328445861
53103530
115634901
930044834
246163778
604755657
592869216
807211517
563587921
671577654
340916430
257410578
733674809
926824367
438452882
256784506
372116886
114052
411270461
539104432
612256056
389462288
784493281
839878604
894835782
471995548
450749529
667158929
713003602
641990957
417677092
494270938
300157946
839663001
442452357
899803769
703815845
679266916
531912585
640627196
30873014
831479804
190013530
716708707
849841596
116568914
943062288
539104432
815331551
648255180
847169544
481178812
23857638
111420284
384804172
539104432
394097640
686229262
801572355
878378305
908609633
702849604
221883897
640177356
914474913
495506388
464973033
694435273
43720137
160626718
627320617
727708204
942085363
266561191
222271037
722094464
967032161
616026719
628112654
781920914
968038215
189740162
934932263
770963810
987821880
911349720
120710163
58801304
391639555
742844463
548940573
628822683
630609701
710942161
994604192
313234719
814917902
648271403
50369437
491086447
85481427
398108985
944277566
20041599
891401141
254775251
894738369
92771105
679495870
419810472
43588489
73885722
822337962
157410588
934932263
989623591
124619664
710942161
271425901
331684598
557362108
345510062
276653722
111513505
975657016
506951198
653167097
566283024
557896541
231516590
149940540
648271403
703457835
89298613
647509023
479646018
470986680
437792842
85978716
517457244
281036315
351199207
679495870
430327693
477709179
749239922
958810793
957392730
541418754
659649895
894371187
703457835
596942803
54179720
301591582
92384037
771284045
269358275
25193450
293891487
369577997
383268735
723216803
282501035
68315847
991244820
770722815
805175498
947585831
60580386
211360301
411270461
458563911
665045243
253808142
423031607
836595794
143386969
901595627
187430676
294756481
83644111
141016949
627253303
993949608
399793512
306985125
947297385
372325331
947297385
230092568
973555043
999396534
684751823
259970722
422970090
563587921
751473425
416326814
447692261
258577351
852051724
169359372
522801402
419864589
841872105
607811387
564317074
124236313
679495870
535004423
228507750
69233381
986653166
774252647
619555778
320885419
321507692
519801870
425984202
716757198
940415960
2652823
872908065
846891390
453938628
28424428
439667544
640627196
207388484
199730248
495007527
139137440
523677135
983407944
221215565
716757198
992715383
63533555
421881450
339433911
387408834
994604192
859767909
638716441
883829234
432006926
722824000
823329028
643522926
501318287
893217814
346733220
877800306
736802748
191216393
489836480
398108985
743450181
117640707
141016949
226767052
858364948
221883897
881188767
312457027
532739460
931959213
119833916
82430279
141016949
895273461
506652080
291282561
328393549
694577841
368273936
497555423
414598364
308623822
94734614
572079089
12685280
933834141
108435545
930346281
151136476
552474700
958810793
761500923
151136476
434345505
630609701
994604192
236647892
669601909
797473405
771284045
4368536
334595578
113558574
257410578
151955945
509489747
315536315
926069819
615209081
48561294
585161554
536491935
624444347
649136298
791775341
20967672
988983228
652010385
113558574
923718926
572079089
425984202
336489658
557277549
805824045
294408394
893947173
440162113
142737772
16005056
717805353
501172404
87364662
443433392
624102329
465637811
846891390
536888237
961550362
243127153
249565103
679977647
894835782
627071464
499630946
128533067
751028083
142737772
601804572
972083231
765343675
195165740
253554680
453938628
903180776
679977647
770722815
349939744
743788521
993949608
900818000
775728164
951801051
437792842
566283024
546099132
891246014
525581906
833118356
278387031
983407944
966739033
351325293
717947120
951560684
180862101
377312772
573913886
756205507
474010143
196944003
637716569
595798183
653167097
500709711
425686281
678788818
82333577
244257576
244257576
760952811
623793671
11973015
351372399
994604192
351325293
622306525
524561743
614677896
935463374
914474913
615001604
429174080
927337456
870156685
232834642
93895970
390349277
291117325
536242533
132393832
912880704
508896268
258336881
253808142
524862494
656102092
109564852
