602632628
33050560
984714375
648712008
624940615
978748364
501080331
652023425
968494428
516083446
882366472
381649224
922282792
906755007
624940615
902201376
624940615
499519977
519656457
371136444
665385912
499957847
679773698
549146863
581276630
401289294
876764726
922282792
403096217
914491094
578007157
162347044
243568015
25010478
362430199
671612435
25010478
371136444
797359285
286080127
381649224
925343793
290177537
934024029
565426223
856378546
33050560
778258862
898972313
320334255
789638433
412741877
689688728
546575418
135348481
838219645
752950333
719262795
221585520
361327264
823397399
992619201
789638433
983128175
978748364
914491094
882366472
787022645
134660388
370702955
864562825
35940412
35940412
516083446
624940615
845567823
876320744
845567823
526405722
835870557
370702955
401289294
923599121
689688728
418620724
912402214
876764726
532327112
278643194
926678956
882366472
302493862
864562825
740541060
791086339
769139573
757281082
627924251
791086339
980099632
212853989
747042316
536741703
262860010
403096217
719262795
652023425
931724377
864562825
823397399
835870557
748595031
914491094
890460469
412741877
623041142
379111447
130663743
361327264
371136444
983128175
233413968
823397399
33050560
546575418
501080331
249091285
668974589
232107056
894594113
266963839
264945732
848709310
890460469
302493862
916740055
116622504
401289294
915201967
403096217
983128175
25010478
461237290
795877286
513550666
689688728
521377283
648712008
896369533
823397399
34471835
740541060
692665373
876764726
624940615
855393081
483660833
845567823
961449625
719262795
168487834
549146863
750539529
700084790
286080127
911432847
931724377
526818727
820409359
403096217
162347044
908439836
549146863
212853989
876320744
992619201
25010478
116622504
401289294
567033673
855393081
381649224
403096217
643790695
570204099
712832336
876764726
602741498
266963839
389336193
833194147
925343793
983128175
501080331
526774452
757281082
795877286
700084790
934024029
579239468
787022645
389336193
292875539
362430199
581276630
389336193
845567823
371136444
232107056
581276630
876764726
203192937
848709310
876320744
769139573
887882100
978748364
243568015
602632628
929975831
833194147
823397399
25010478
205060779
978748364
141611940
35940412
652023425
908439836
712832336
876320744
856378546
116622504
740541060
627924251
700211342
691257366
915201967
687070481
169355813
983128175
949901924
689688728
859199854
549146863
668974589
980099632
845567823
221585520
747042316
769139573
855477337
691257366
623041142
710024833
424114789
848709310
922282792
876764726
266963839
956472646
259745366
668974589
689688728
370702955
671612435
807529182
856378546
906755007
549257715
719262795
546575418
769139573
833194147
319820047
980921896
46112936
519656457
769139573
855393081
443561303
978748364
755193083
117308699
205060779
925343793
685754128
769139573
567033673
292875539
916740055
436538381
302493862
689688728
379111447
259745366
890460469
233413968
864562825
616953182
876320744
787022645
665385912
906755007
757281082
877021110
691257366
526818727
403096217
980921896
412741877
931724377
915201967
224107306
526405722
671612435
361327264
116622504
757281082
791086339
292875539
385386749
789638433
876764726
798731670
579239468
738433300
371136444
983128175
692665373
232107056
890460469
882366472
755193083
519656457
602741498
624940615
876320744
138237985
980921896
665385912
929975831
306935328
982570709
679773698
755193083
983128175
681180775
890460469
914491094
876764726
787022645
403096217
835870557
501080331
922282792
926678956
648712008
833194147
861206350
908439836
532327112
890460469
925343793
506448184
451801984
250742089
234236138
370702955
798731670
922282792
501080331
262860010
35940412
371136444
830433588
461237290
536741703
789638433
130663743
907891996
361327264
422383610
168487834
404707685
223601951
506448184
855393081
750051926
646837331
646837331
864562825
203192937
915201967
823397399
776266472
278643194
995539238
949901924
243568015
370702955
245137593
687070481
700084790
396513216
549146863
396513216
668974589
769139573
934024029
412741877
987065119
536741703
787022645
769139573
876502343
708246563
529659673
861206350
740541060
141611940
525469107
370702955
389336193
532327112
689688728
250742089
519656457
266963839
385386749
526818727
750539529
403096217
581276630
795877286
169355813
668974589
451801984
978748364
249091285
281940600
787022645
532327112
526774452
755193083
205060779
138237985
665385912
769139573
130663743
856378546
362430199
526818727
912402214
838219645
740541060
362430199
443561303
506448184
787022645
708246563
168487834
876764726
549257715
876320744
922282792
795877286
312254454
778258862
931724377
389336193
652023425
708246563
992619201
643790695
856378546
833194147
738433300
692665373
845567823
733111227
915201967
403096217
536741703
984714375
882366472
223601951
980921896
381649224
980099632
624940615
797359285
224107306
652023425
526405722
980921896
740541060
923599121
791086339
526774452
134660388
212853989
499519977
692665373
579239468
249091285
561666407
984714375
646837331
162347044
370702955
914491094
855393081
312254454
929975831
116622504
923599121
995539238
848709310
296411995
501080331
757281082
483660833
647374683
961449625
915201967
320334255
738433300
982570709
578007157
931724377
264945732
912402214
980099632
549257715
451801984
377078082
882366472
934024029
266963839
112841496
549257715
914491094
890460469
362430199
526818727
501080331
377078082
691257366
526774452
882366472
917505702
949901924
682919399
661833961
624940615
281940600
379111447
561666407
983128175
546575418
266963839
565426223
917505702
623041142
769139573
529659673
370702955
519656457
525469107
787022645
789638433
992619201
864562825
361327264
451801984
797359285
648712008
922121712
923599121
789638433
561666407
710024833
33050560
112841496
278643194
370702955
776266472
627192064
820409359
876320744
501080331
719262795
377078082
233413968
682919399
968494428
700211342
978748364
249091285
876320744
787022645
499957847
925343793
116622504
712832336
549146863
845567823
130663743
33050560
526405722
848709310
859199854
708246563
687070481
876764726
602741498
627924251
131023184
501080331
961449625
752950333
223601951
370702955
203192937
266963839
438211799
526774452
135348481
787022645
807529182
689688728
129211969
831503800
501080331
486435978
931724377
791086339
165724976
567033673
578007157
397437343
835870557
546575418
579239468
685754128
529659673
525469107
652023425
546575418
546575418
264945732
922121712
719262795
696829777
691257366
483660833
922121712
907891996
915201967
436538381
397437343
815626099
984714375
529659673
243568015
602632628
549257715
876320744
499519977
302493862
700084790
262860010
789638433
797359285
931724377
34471835
740541060
165724976
516083446
882366472
831503800
949901924
922121712
290177537
864562825
738433300
692665373
752950333
787022645
501080331
671612435
687070481
798731670
987065119
526405722
627924251
549146863
776266472
526774452
521377283
250742089
326167921
339019642
995539238
691257366
221585520
671612435
602741498
769139573
165724976
925343793
169355813
389336193
661833961
856378546
668974589
205060779
896369533
624940615
789638433
890460469
296411995
876320744
403096217
220787325
908439836
627192064
848709310
191617089
848709310
700211342
67353577
692665373
983128175
546575418
565426223
983128175
401289294
733111227
956472646
263730903
191617089
876320744
671612435
983128175
795877286
578007157
403096217
526774452
769139573
262860010
519656457
776266472
936320151
306935328
776266472
980099632
665385912
896369533
845567823
67353577
925343793
787022645
859199854
665385912
278643194
513550666
546575418
438211799
233413968
931724377
791086339
33050560
797359285
931724377
262860010
757281082
233413968
845567823
823397399
778258862
33050560
906755007
371136444
902201376
205060779
385386749
138237985
536741703
326167921
403096217
529659673
922121712
396513216
129211969
752950333
876320744
290177537
791086339
700211342
370702955
549257715
882366472
820409359
623041142
661833961
495923519
848709310
708246563
877021110
290177537
708246563
907891996
876764726
191617089
290177537
536741703
565426223
643790695
980921896
381649224
848709310
835870557
748595031
521377283
249091285
931724377
361327264
501080331
249091285
495923519
682919399
404707685
929975831
526818727
757281082
769139573
749377480
912402214
791086339
546575418
549257715
422383610
233413968
526774452
579239468
835870557
665385912
529659673
290177537
797359285
532327112
876320744
982570709
665385912
815626099
519656457
902201376
362430199
169355813
956472646
923599121
719262795
292875539
890460469
627924251
665385912
521377283
915201967
750539529
536741703
501080331
624940615
339019642
237870387
25010478
956472646
290177537
529451074
915201967
141611940
876320744
915201967
499957847
561666407
923599121
506448184
738433300
956472646
46112936
789638433
549257715
567033673
501080331
221585520
643790695
750539529
978748364
876320744
652023425
691257366
27407950
191617089
956472646
995539238
25010478
856378546
776266472
237870387
876764726
719262795
259745366
925343793
286080127
389336193
682919399
689688728
526405722
733111227
486435978
570204099
890460469
738433300
776266472
116622504
830433588
797359285
922121712
220787325
769139573
646837331
312254454
831503800
856378546
483660833
623041142
361327264
983128175
652023425
401289294
708246563
896369533
682919399
499957847
33050560
461237290
270903355
525469107
665385912
887882100
890460469
191617089
296411995
740541060
652023425
501080331
855393081
926678956
116622504
769139573
131023184
896369533
501080331
501080331
403096217
835870557
526774452
984714375
486435978
131023184
691257366
525469107
820409359
381649224
914491094
907891996
624940615
929975831
831503800
750539529
526774452
738433300
436538381
549146863
848709310
532327112
519656457
661833961
519656457
876764726
906755007
266963839
33050560
404707685
281940600
501080331
451801984
249091285
501080331
381649224
506448184
237870387
682919399
934024029
747042316
757281082
665385912
259745366
519656457
882366472
691257366
882366472
749377480
855393081
648712008
377936794
320334255
908439836
911432847
529451074
789638433
992619201
823397399
797359285
876764726
925343793
461237290
168487834
769139573
968494428
581276630
567033673
750051926
890460469
306935328
856378546
906755007
838219645
791086339
203192937
191617089
513550666
668974589
309963555
776266472
833194147
286080127
412741877
687070481
665385912
876764726
890460469
223601951
212853989
292875539
443561303
249091285
221585520
135348481
46112936
424114789
712832336
890460469
646837331
778258862
750051926
263730903
845567823
856378546
864562825
549257715
890460469
319820047
787022645
138237985
682919399
262860010
815626099
526774452
890460469
570204099
549257715
526774452
249091285
789638433
876764726
377936794
776266472
797359285
845567823
131023184
876764726
168487834
876320744
914491094
922121712
902201376
894594113
499957847
914491094
859199854
646837331
833194147
221585520
309963555
922121712
931724377
791086339
397437343
887882100
224107306
526405722
864562825
757281082
245137593
404707685
679773698
917505702
519656457
412741877
719262795
519656457
521377283
668974589
876320744
752950333
791086339
570204099
789638433
516083446
549257715
627924251
506448184
436538381
687070481
700211342
876764726
882366472
549146863
627924251
665385912
519656457
546575418
978748364
112841496
691257366
982570709
747042316
627924251
749377480
995539238
570204099
652023425
922282792
719262795
668974589
733111227
682919399
755193083
750051926
710024833
501080331
890460469
397437343
361327264
135348481
245137593
451801984
370702955
968494428
776266472
212853989
789638433
696829777
769139573
212853989
992619201
116622504
286080127
890460469
876320744
922121712
627924251
495923519
326167921
339019642
671612435
627924251
249091285
820409359
915201967
546575418
526774452
876764726
205060779
748595031
549257715
876764726
451801984
755193083
934024029
898972313
495923519
738433300
689688728
220787325
961449625
980099632
835870557
691257366
129211969
549257715
789638433
403096217
561666407
820409359
362430199
371136444
980921896
278643194
370702955
907891996
791086339
807529182
33050560
769139573
876764726
141611940
495923519
929975831
708246563
807529182
923599121
623041142
876320744
521377283
949901924
926678956
747042316
319820047
665385912
859199854
787022645
46112936
931724377
956472646
776266472
823397399
112841496
526818727
789638433
908439836
882366472
887882100
286080127
882366472
787022645
579239468
789638433
687070481
719262795
250742089
549257715
740541060
451801984
876320744
302493862
708246563
501080331
212853989
381649224
223601951
887882100
856378546
526405722
129211969
623041142
952337333
205060779
922121712
501080331
687070481
546575418
652023425
769139573
381649224
443561303
220787325
890460469
223601951
887882100
112841496
278643194
88889196
501080331
685754128
755193083
748595031
526405722
787022645
738433300
708246563
233413968
890460469
983128175
856378546
787022645
116622504
567033673
922282792
797359285
778258862
922121712
679773698
838219645
848709310
519656457
859199854
396513216
451801984
692665373
370702955
529659673
451801984
791086339
882366472
233413968
25010478
922121712
501080331
876320744
546575418
911432847
700211342
526818727
205060779
982570709
438211799
929975831
665385912
906755007
549257715
278643194
135348481
787022645
224107306
205060779
278643194
787022645
525469107
687070481
700211342
232107056
249091285
532327112
911432847
685754128
521377283
646837331
438211799
116622504
379111447
312254454
320334255
922282792
922282792
34471835
797359285
747042316
262860010
205060779
169355813
755193083
747042316
529659673
646837331
116622504
835870557
652023425
668974589
934024029
750539529
769139573
281940600
596873270
212853989
987065119
381649224
983128175
319820047
526405722
925343793
995539238
661833961
882366472
525469107
549146863
911432847
422383610
876320744
525469107
546575418
961449625
499957847
687070481
665385912
696829777
495923519
907891996
747042316
646837331
361327264
362430199
326167921
309963555
890460469
549257715
681180775
326167921
404707685
405016484
309963555
223601951
296411995
665385912
978748364
529451074
908439836
750539529
499519977
838219645
894594113
483660833
319820047
922282792
797359285
495923519
980099632
797359285
747042316
750051926
894594113
682919399
750539529
501080331
876764726
570204099
776266472
820409359
795877286
855477337
980099632
978748364
987065119
370702955
549146863
312254454
602741498
668974589
679773698
687070481
890460469
647374683
961449625
830433588
516083446
389336193
738433300
831503800
361327264
519656457
377078082
616953182
823397399
876320744
682919399
936320151
129211969
339019642
876764726
506448184
876764726
876502343
995539238
135348481
371136444
776266472
561666407
549257715
750539529
513550666
882366472
309963555
931724377
926678956
776266472
876764726
117308699
396513216
549146863
668974589
687070481
290177537
302493862
627924251
982570709
776266472
549257715
602632628
876320744
270903355
309963555
249091285
370702955
320334255
769139573
25010478
648712008
647374683
820409359
46112936
602632628
926678956
923599121
168487834
370702955
135348481
687070481
286080127
687070481
755193083
221585520
396513216
377936794
795877286
682919399
249091285
526405722
243568015
861206350
34471835
117308699
755193083
519656457
757281082
864562825
495923519
361327264
934024029
831503800
529659673
789638433
952337333
789638433
418620724
168487834
798731670
922121712
748595031
876502343
286080127
748595031
486435978
687070481
797359285
370702955
624940615
671612435
755193083
579239468
371136444
501080331
221585520
526818727
250742089
27407950
757281082
876764726
776266472
320334255
567033673
436538381
262860010
665385912
521377283
665385912
995539238
516083446
370702955
769139573
830433588
486435978
738433300
687070481
27407950
682919399
876502343
876764726
259745366
506448184
748595031
952337333
876764726
856378546
876764726
890460469
855393081
877021110
908439836
787022645
926678956
223601951
203192937
700211342
212853989
876320744
876502343
245137593
995539238
987065119
549146863
661833961
915201967
978748364
983128175
931724377
820409359
263730903
438211799
687070481
922282792
264945732
436538381
934024029
112841496
922282792
404707685
931724377
519656457
292875539
797359285
131023184
917505702
855477337
117308699
890460469
371136444
389336193
787022645
405016484
627192064
691257366
740541060
681180775
249091285
312254454
377078082
237870387
403096217
740541060
719262795
952337333
565426223
983128175
740541060
898972313
750051926
831503800
876320744
876764726
501080331
623041142
646837331
877021110
689688728
776266472
116622504
266963839
665385912
902201376
907891996
117308699
710024833
733111227
915201967
116622504
710024833
501080331
361327264
876764726
776266472
389336193
752950333
876764726
112841496
486435978
936320151
906755007
129211969
570204099
890460469
968494428
755193083
890460469
138237985
170654622
130663743
67353577
205060779
908439836
787022645
665385912
129211969
499957847
855477337
67353577
815626099
856378546
191617089
578007157
934024029
791086339
750539529
696829777
776266472
992619201
501080331
309963555
306935328
33050560
526774452
326167921
232107056
519656457
302493862
264945732
501080331
934024029
643790695
980099632
906755007
931724377
923599121
902201376
424114789
876764726
643790695
912402214
708246563
234236138
281940600
525469107
890460469
306935328
750539529
191617089
652023425
887882100
549257715
451801984
405016484
665385912
876764726
362430199
513550666
259745366
876764726
169355813
381649224
436538381
876320744
319820047
205060779
232107056
980921896
908439836
116622504
141611940
956472646
596873270
787022645
915201967
451801984
984714375
499519977
339019642
923599121
270903355
526405722
980921896
403096217
923599121
681180775
596873270
882366472
835870557
262860010
797359285
934024029
526774452
949901924
33050560
915201967
740541060
278643194
929975831
995539238
797359285
856378546
769139573
403096217
263730903
682919399
776266472
370702955
833194147
506448184
882366472
25010478
797359285
578007157
34471835
922121712
249091285
203192937
890460469
929975831
616953182
906755007
719262795
549146863
581276630
750051926
776266472
116622504
526818727
389336193
833194147
117308699
922282792
290177537
700211342
902201376
249091285
567033673
403096217
856378546
263730903
501080331
397437343
443561303
689688728
661833961
681180775
451801984
130663743
403096217
116622504
296411995
922121712
769139573
876764726
890460469
483660833
769139573
250742089
264945732
270903355
755193083
646837331
845567823
902201376
506448184
934024029
876764726
162347044
385386749
165724976
890460469
223601951
495923519
549257715
451801984
570204099
501080331
135348481
233413968
906755007
980921896
529451074
980921896
882366472
250742089
162347044
679773698
203192937
789638433
978748364
521377283
679773698
521377283
923599121
752950333
914491094
916740055
412741877
838219645
361327264
876502343
567033673
925343793
168487834
936320151
685754128
549257715
890460469
700211342
687070481
404707685
982570709
401289294
980099632
526405722
27407950
922282792
312254454
752950333
922282792
389336193
856378546
643790695
379111447
499519977
665385912
752950333
748595031
671612435
117308699
262860010
220787325
499957847
412741877
845567823
864562825
549146863
679773698
750051926
915201967
389336193
237870387
750539529
740541060
232107056
461237290
501080331
679773698
623041142
67353577
212853989
992619201
682919399
789638433
740541060
501080331
521377283
506448184
624940615
320334255
379111447
243568015
876320744
370702955
525469107
205060779
536741703
890460469
710024833
389336193
546575418
526818727
549257715
700084790
682919399
549146863
752950333
876764726
749377480
776266472
831503800
169355813
546575418
956472646
807529182
624940615
646837331
696829777
205060779
567033673
377078082
