985860409
877210430
863605590
985860409
149884281
336213623
323224108
861498537
807408524
717880710
453708754
326545063
325632433
498399449
801965254
716655103
632363933
982707963
262157980
329771124
60289017
723927669
783590462
981071484
716655103
717880710
496026733
723927669
956523811
723927669
456597987
667456820
378885135
552540699
359070349
498399449
874086241
991702241
548428233
770911713
838673425
495701610
723927669
428710376
513396945
792662164
496413224
742291352
683463838
986218435
761507246
630687151
706308218
63150586
814239747
229134586
752424588
467976510
621107374
973754778
628070145
351344234
743559108
423369729
991702241
475454630
853015036
384167381
208976910
717996106
632363933
898906724
973754778
337171399
886835567
941721990
991654791
986218435
424394671
914242618
914242618
989752808
931771574
236730384
792662164
530571750
618271835
874086241
952228650
456061470
794093693
630687151
342967314
706308218
882781299
667456820
914242618
751395896
683463838
1736976
903227539
941187017
752424588
814239747
632363933
802870465
403820341
413861930
558412092
781137105
552540699
266233498
147999971
751395896
802870465
403820341
853015036
723927669
134861065
875300595
495701610
802870465
986218435
169077263
958270383
69560424
807408524
551998858
27122495
439275821
493121372
966523858
943268353
588303415
743559108
722832541
500946559
709076918
324662016
495701610
717733427
96817986
752424588
496026733
378885135
600610591
132630528
807408524
588303415
751395896
411059436
39130703
413861930
886835567
84196120
413861930
500946559
884148255
814239747
493117215
713710892
387577293
445913373
814467256
540966804
548428233
966523858
558412092
723927669
530571750
102401172
684365477
338588277
358337529
525145289
621107374
922298502
849463812
853015036
439928213
387627951
914242618
989752808
831441757
500946559
963409886
743559108
742291352
493121372
142101861
346721822
888212260
920323726
814467256
540966804
941187017
961975436
898906724
906537566
829475595
443883981
861183175
853015036
357036187
698420440
770074537
560152771
742139279
496026733
530406527
914242618
903227539
237532238
836530279
482681261
950648929
962879425
358337529
20580501
723927669
954410070
814239747
229134586
943268353
83854034
6042230
739471800
168509392
628070145
19179362
695112531
941187017
142101861
935423640
832247694
580140537
742139279
838673425
413861930
986904897
55579487
447029790
914242618
920323726
79862383
706308218
55579487
981152851
894997053
717996106
542225616
571480647
914242618
482681261
652525635
982263667
749132192
966523858
920434876
981152851
29075315
706308218
966523858
813906267
286907426
933046899
447029790
229134586
494757390
882781299
633809856
875300595
982263667
435996726
403241615
830986465
913638686
966523858
938197224
960089213
804769203
814467256
742301568
538593060
981152851
984207796
580140537
717880710
422362763
695227092
889231117
413559753
274403304
445913373
914242618
611687119
632645907
752424588
641712806
453708754
836530279
592803099
562069814
903227539
202744257
482681261
106656150
922374572
838673425
838673425
387577293
447029790
112898546
670491008
989752808
670491008
358337529
206424135
830986465
548499567
202016816
906537566
853015036
814467256
845555588
698420440
982263667
981152851
843885166
941461222
982263667
833362068
986904897
453464000
800104397
823078926
914242618
802870465
813028639
941461222
196978659
238188976
632645907
742291352
802870465
453464000
778753093
853015036
176261373
467021679
883961913
758011696
19179362
498655010
933840427
545996104
467021679
196978659
727596519
717880710
467021679
534561072
982263667
982263667
804769203
362628871
829475595
83854034
358337529
670491008
988778643
486238113
632645907
496829090
988778643
884148255
670491008
626713908
669004364
542225616
695227092
954410070
804769203
387627951
987876057
843885166
988778643
954410070
984207796
632645907
782870285
424394671
781137105
695227092
903227539
413861930
342967314
999136577
323224108
802870465
887480596
984207796
952228650
933046899
794093693
176261373
800104397
794093693
914215797
875369214
482681261
767228245
913638686
982263667
648792612
727596519
875300595
467021679
659569950
648792612
498399449
363833784
961975436
628070145
875300595
535791016
984207796
572079548
648792612
782870285
250815622
632645907
802870465
358337529
984207796
986904897
145538252
914242618
695227092
839571775
914242618
55579487
55579487
363833784
767228245
781137105
833362068
759522915
209737614
145538252
551748417
445913373
659569950
961975436
641712806
762427963
572079548
877752331
986904897
268885724
875300595
882994621
697547616
833362068
542225616
548499567
742291352
914242618
571078615
949936068
697547616
829475595
931771574
875369214
883995141
77740948
733797225
551748417
914242618
800104397
982263667
937864527
323224108
697547616
882679114
652525635
913638686
649965787
149884281
952228650
202016816
739626373
562069814
542225616
335983969
800104397
335983969
903227539
659569950
860231772
903227539
528187365
913638686
633809856
335629760
403241615
229134586
698901272
1736976
55579487
439275821
445913373
244116600
986904897
692567267
695227092
463652209
571480647
238188976
363833784
482914218
914242618
229134586
318990241
321237073
164271832
840970801
969079520
403241615
910143341
424394671
551748417
463652209
930118417
572165298
403241615
514572218
164271832
839571775
759522915
572165298
305117810
914242618
952879771
730768886
551998858
883995141
821340862
781137105
127209844
742301568
952526389
931771574
796659484
918142819
830986465
934643504
883995141
918142819
578381241
767228245
800104397
875369214
775083376
83854034
1736976
229134586
952228650
949936068
496026733
53152096
251429208
952526389
949782788
679639681
986904897
949740085
821340862
882994621
145538252
439275821
403241615
695227092
548968743
974137327
903227539
866797980
952526389
999136577
695227092
952526389
695227092
648792612
530438997
580140537
733797225
922298502
974137327
229134586
721209263
821340862
326113151
36319640
841528740
969079520
403241615
860231772
922298502
458884478
821340862
875369214
695227092
839571775
299543453
753361870
949936068
952526389
712261109
535791016
903227539
949740085
778753093
883995141
933690658
542225616
84196120
127209844
961975436
922298502
624527509
455409152
712261109
29075315
63255884
580140537
679639681
830986465
798425005
986904897
942743627
796659484
882994621
453761514
695227092
77409139
874032346
335983969
783056297
551748417
949936068
906537566
762495355
712261109
875951853
804769203
781137105
548752608
717003114
534561072
548752608
548968743
882994621
783056297
368640859
657154719
860231772
910143341
918142819
725152593
762495355
883995141
572992721
68638641
312973109
982263667
735693673
103575443
767228245
942739177
266233498
79862383
299543453
510567635
986904897
986904897
873923755
762495355
947873633
79862383
626713908
986904897
17404872
913218785
839314392
887480596
882994621
229134586
571480647
535829874
551748417
969079520
804682748
510567635
754653142
982263667
368640859
875951853
605673701
572165298
758011696
455409152
571480647
753361870
790759222
931771574
312932208
974137327
278528474
281330802
804769203
617249065
472304352
992216437
103575443
611412594
715728564
689065829
256947159
814467256
721231506
674999961
926832037
718355648
979046641
627852379
762495355
698901272
481636322
627852379
29075315
548499567
971663641
767228245
244116600
882170982
966453941
715728564
992216437
982263667
699867578
906537566
762495355
767228245
918142819
815319441
387627951
926832037
645541475
72554150
409548574
196576180
779832163
66859589
842929850
354855122
252957890
971663641
572992721
674999961
313636500
72554150
975792348
412168614
875951853
278528474
53684852
127209844
240621227
759522915
887480596
66859589
439275821
679639681
318936506
260862110
313636500
913218785
839314392
881961588
808188140
354855122
952228650
808188140
971663641
981923493
881961588
966453941
53684852
115329902
887480596
949782788
840970801
801509412
858658143
974137327
945817553
229134586
275647217
839314392
988688133
157109035
544390157
667367498
410182886
69048226
945817553
971663641
470689960
738960848
816816548
617249065
608538084
182411736
839314392
335983969
526836066
733797225
354855122
816816548
904994969
453761514
942743627
299011012
548968743
947873633
95717416
432397557
470689960
47210634
818220200
785815509
611412594
815319441
318936506
918142819
883961913
767228245
808188140
455409152
196576180
718355648
966453941
779832163
452027020
445445837
730768886
196576180
698901272
979046641
988688133
275647217
759421929
904994969
818220200
808188140
667133331
608538084
281330802
918142819
881415046
945817553
306478071
667133331
952228650
721209263
467637133
918142819
931771574
380771030
797679381
952879771
400462578
617249065
453761514
311304735
217159657
767228245
808188140
952228650
626713908
918142819
992216437
804682748
335983969
145538252
277746436
906885554
694520629
72554150
840970801
698901272
926284122
754653142
306478071
804769203
850079868
281330802
565869475
942820368
1736976
648227188
778923394
452027020
101277179
808043646
767228245
482030204
815572797
614869223
380771030
320752777
945033754
630687151
735693673
778923394
762810631
808188140
922298502
182411736
541046505
473272580
934643504
80632408
822153158
754739352
492045335
733797225
850079868
103575443
850079868
667208020
630687151
400462578
321237073
986975860
762810631
822153158
906885554
679639681
781137105
975792348
419489096
918142819
488653185
983124432
974137327
782959539
983124432
419489096
942820368
523896895
856031823
281344511
944195581
922298502
753361870
906537566
523718584
759522915
655193038
481636322
778923394
815572797
783056297
