111
108
98
40
81
111
111
111
19
111
111
111
46
84
111
111
111
111
111
85
111
39
84
84
18
88
111
141
8
77
35
23
84
111
111
111
111
8
111
11
71
111
111
111
84
111
146
111
81
111
124
84
84
84
144
111
111
11
111
84
84
111
11
84
84
84
6
84
11
81
111
111
84
111
84
84
111
111
29
84
79
11
111
108
111
84
111
111
69
84
111
111
111
111
111
17
90
111
111
111
105
111
11
111
111
111
111
30
146
84
46
11
111
137
111
5
11
11
21
20
111
111
108
11
64
111
111
102
84
23
84
86
108
8
79
111
111
131
111
84
111
111
111
84
111
111
111
6
111
111
111
46
111
111
111
79
111
108
84
111
111
100
111
84
111
111
111
84
11
112
111
155
111
130
81
84
111
111
73
111
111
39
139
11
6
13
111
111
109
5
30
79
66
35
103
111
13
84
111
111
117
23
111
11
108
111
111
111
111
111
84
105
39
84
84
84
89
13
111
84
111
35
81
139
111
81
111
84
22
11
111
130
111
105
49
111
111
11
111
6
3
111
38
111
33
84
13
111
11
11
111
23
84
6
111
81
111
111
111
114
87
13
111
46
46
84
111
111
84
111
111
84
111
111
111
111
100
89
111
81
104
112
111
108
11
84
84
75
62
111
109
111
6
111
111
11
107
111
108
111
13
84
147
111
111
111
111
111
108
111
98
145
111
111
12
111
111
46
153
111
64
111
111
111
108
111
111
84
16
111
90
111
111
6
71
13
111
11
111
111
111
111
111
84
111
111
111
111
45
111
90
111
84
11
46
111
111
111
110
111
139
111
111
111
84
84
111
153
111
111
11
108
11
111
35
64
111
111
111
94
111
53
11
111
63
111
151
84
108
11
11
111
111
111
13
130
111
111
111
90
111
84
84
84
11
111
111
84
111
111
111
84
154
111
84
11
111
118
111
8
11
84
64
111
8
11
12
111
84
111
111
84
111
84
84
111
111
11
111
81
111
108
39
65
45
84
111
148
84
111
52
111
78
111
111
84
111
84
79
111
111
111
11
68
84
127
111
6
13
19
10
111
80
13
11
11
109
84
111
148
111
84
15
74
11
53
111
111
84
146
111
86
111
111
111
61
11
4
11
7
111
111
111
84
84
111
127
108
81
111
111
84
46
84
130
111
11
111
111
84
84
111
13
11
84
18
89
111
111
11
84
111
84
111
111
111
84
128
84
11
23
70
111
146
69
84
108
42
11
90
11
67
11
111
65
111
111
127
111
84
11
84
111
111
23
111
13
16
12
111
39
11
111
18
111
84
35
12
111
84
111
8
46
111
111
111
111
90
49
11
16
11
11
111
46
45
111
111
111
111
111
111
111
111
111
56
84
59
86
84
84
11
111
37
101
84
111
130
8
111
147
60
111
111
111
111
111
89
13
50
100
111
13
107
111
111
11
111
130
111
30
111
11
39
22
84
84
111
16
111
11
18
135
111
111
111
86
47
108
84
111
111
11
111
11
13
111
84
111
11
84
37
97
111
84
111
111
84
84
111
111
79
11
16
13
10
13
69
109
18
10
112
108
10
68
111
108
111
111
39
111
111
111
108
111
111
84
111
111
84
15
111
111
111
111
111
74
111
111
111
46
111
152
111
16
81
111
49
90
46
84
98
95
111
6
81
111
111
111
137
111
75
7
111
63
111
111
84
111
111
64
84
111
11
111
111
111
111
111
18
84
140
111
108
111
111
11
111
111
111
111
111
111
111
8
111
84
84
91
84
111
84
84
111
135
84
111
84
126
37
94
111
111
77
84
11
80
102
111
68
120
84
111
47
118
111
11
84
91
11
84
84
6
15
12
108
111
111
23
84
111
111
111
4
84
108
18
111
111
87
111
4
11
111
135
84
111
111
87
139
11
111
12
111
111
111
84
84
11
111
84
88
82
108
111
4
84
111
111
