33
202
58
70
58
141
58
58
58
58
102
58
58
188
113
58
127
58
102
58
58
99
25
58
64
58
136
163
58
25
116
58
118
25
188
58
205
58
110
58
87
25
118
25
70
171
58
202
58
167
58
102
58
102
102
56
163
102
58
58
58
6
58
159
56
58
202
58
58
118
116
118
114
58
70
202
58
151
178
58
102
58
99
151
58
171
58
58
58
131
58
58
131
58
58
135
127
167
58
99
58
58
58
136
162
25
183
163
58
58
58
112
58
148
58
58
58
64
58
118
58
58
58
102
52
10
58
58
99
58
118
118
192
202
58
106
58
58
25
58
102
168
58
58
57
118
58
156
58
58
158
58
64
118
102
12
159
54
64
58
58
102
58
140
34
188
99
58
58
58
64
99
151
58
187
118
25
167
102
161
171
58
58
58
120
177
102
58
112
22
58
102
70
58
58
58
58
161
58
58
102
118
6
58
118
161
102
58
181
102
58
148
58
102
137
202
58
35
58
2
181
58
42
102
118
137
151
58
127
102
58
58
125
27
35
177
58
58
25
5
124
114
58
25
161
58
114
115
154
161
58
58
118
35
25
58
58
58
58
102
116
58
112
58
151
58
151
58
118
129
79
58
58
58
58
99
206
102
58
202
58
58
99
99
58
188
58
102
203
161
102
99
151
159
160
116
64
102
64
58
112
58
199
58
58
58
10
58
148
88
58
102
59
102
158
58
58
112
58
64
161
58
188
169
58
25
163
102
58
88
58
58
58
35
58
99
118
25
161
58
159
58
118
58
70
58
58
118
102
151
58
58
131
118
102
118
113
151
102
58
58
102
33
56
118
202
99
58
58
99
25
58
58
146
88
58
58
58
58
58
58
99
25
6
58
162
58
188
58
151
61
58
181
58
102
102
10
116
58
112
99
58
202
58
114
139
58
163
58
99
114
199
99
58
202
195
58
58
202
102
70
177
58
73
90
38
25
58
182
58
58
58
58
102
99
55
127
202
202
58
58
125
102
176
188
112
118
118
58
58
118
118
58
202
112
112
58
58
102
25
132
102
99
58
94
202
25
58
58
58
160
58
160
58
58
58
58
188
118
182
58
102
25
58
112
58
88
113
118
58
102
25
96
58
64
116
199
106
99
58
102
99
38
102
102
188
58
58
205
58
58
58
102
205
187
33
153
184
64
58
85
58
58
88
102
58
73
102
188
88
25
58
112
58
188
25
177
6
151
58
188
58
118
58
58
112
188
10
102
99
100
58
58
114
58
106
99
202
58
118
58
58
202
118
58
58
112
58
58
58
118
151
118
102
58
118
58
58
58
99
38
161
176
58
31
58
118
58
127
58
58
99
132
102
58
58
58
58
58
64
116
165
102
148
102
58
102
151
58
160
58
102
99
65
58
58
58
58
99
58
58
118
12
162
88
102
58
58
64
127
155
64
118
118
58
185
58
202
58
121
58
188
58
25
58
118
6
127
102
102
102
58
177
58
118
7
