802981286
368820948
2971829
354339943
864451940
728043091
596202580
192678730
614861237
302917393
955248188
19098327
246142466
681869600
348680508
817152243
5000782
587510637
895479440
739324079
468893532
662021473
738842006
700846298
664026656
167633280
428083186
491751880
480872559
422526776
549503182
413389958
569264345
5815658
739324079
247633989
985473387
174988852
215416693
882225576
706908102
328237944
513248187
673508817
643708742
282287314
411357073
181728308
312716776
756945724
836980001
223844009
537162613
193485925
181782197
547913767
386665673
418705513
799639188
950518307
174988852
89520500
36358532
633551490
26190553
588406783
497056000
208406584
518061474
888906070
60806387
888906070
213448979
257876073
155040182
135072629
361837413
749747370
213140690
247198202
851391025
777722085
742901139
580975740
862802112
672383845
797780092
440139398
126723797
426195909
292529487
495572944
358130735
891275292
928899470
527732312
252413871
302853601
760611500
455917074
837494444
137518917
122393328
17118065
634615778
620209486
328237944
204384587
570539022
411597554
995838437
652265472
911872348
875909851
194243122
365917688
257835792
962191938
572647505
88230734
282143095
449917498
831064336
552658645
418187374
565611569
28989027
929377224
640224825
590131322
673913070
218844362
572530627
119428725
999063728
669626724
569468689
710801801
766653841
108617423
609625418
96423452
119428725
740137511
131661461
739031301
697761761
848432679
748552904
547913767
848432679
392738792
659635920
545871459
628233167
588406783
574500526
859036384
67616577
252253228
96423452
589292034
951603599
519579843
695825745
15839984
628024536
194240392
527732312
451404387
945374204
870108363
623314673
942575026
715402693
990524125
836539593
830125467
817031105
209252683
418187374
494707543
935620395
534342540
426218659
689137863
878646623
988077075
239353660
590087373
803897411
787995209
209664300
642916358
816652190
890703801
74641655
732650346
936963777
366363665
679174737
537772674
306559173
621546234
647769176
354339943
2771157
757999733
669586162
308527377
812005442
484291722
795343854
442631676
26997697
12101845
895017019
766415954
172063281
353715092
704715605
263456253
892936560
355846777
764016009
423019881
292087391
480848098
480028386
798817170
503679273
89520500
264411226
837336235
877602346
648373031
64389611
671706554
276735799
530306180
422928993
781925778
158567472
223844009
717913776
804676602
805319040
931673442
992273210
772047393
66302909
144025847
467690646
738712306
741785820
817152243
931523205
673913070
2971829
644628177
95976289
799985935
718235018
208415195
364090428
942694543
721604918
541105454
479359604
741785820
620068661
865432676
498800707
181782197
890721690
749730401
665253395
865432676
34092731
63357645
726402336
707718454
940124103
870546834
712249266
721604918
321239744
419162384
706908102
930470349
472385824
585470786
776197357
342045679
849329317
740203544
652090567
824653503
289222996
437023187
833716909
640795963
494793091
923245517
29618804
633551490
964446422
545228544
356679191
895490840
909638755
920051485
766653841
990001653
359697616
953354142
297106975
927912059
423376069
367264112
596506463
137518917
859036384
102521037
414406344
684020378
198908869
270318783
29618804
587416334
613969986
844297692
845473562
141840515
439416965
467778955
982694936
391035222
300082086
914931110
821115811
123267076
201090718
762618027
4834737
85268934
771883326
188787170
152173266
673913070
962191938
136632712
296878694
209664300
564342608
985568922
883951546
721743855
590131322
214013616
982615897
931786942
579331774
868593743
764851307
44490420
974330390
805549431
540227852
314099807
277811119
248423500
843311925
985568922
195013637
667743331
616841288
543411060
277811119
181728308
693443292
293579936
92276778
242353022
725843598
337848291
759995489
929377224
713128124
543411060
95139513
913832388
729102658
128068177
618222369
845473562
726402336
844297692
915610511
635529859
429902425
203626010
884097490
944086092
36358532
318650849
692454582
418705513
523039476
480872559
645486806
291317095
748552904
600500881
888473585
677876292
983469476
638761161
829024444
747434930
60725377
673508817
986738220
622635586
244703671
296137567
244949435
781065017
820516846
448823443
244703671
352555461
995838437
464055161
130633673
491439527
177423193
772937297
959216512
829960100
115545139
549528301
14696441
784734020
733505688
171454683
134990724
187183389
285213312
508386633
440139398
412298862
997846653
413389958
805549431
797997515
122818818
209252683
843555428
959216512
775840622
751336861
841549950
726938626
111260989
273534609
28006449
768439879
158503574
838962479
187183389
121949075
527796446
356679191
452000269
611661178
544918461
839118777
28495321
714083361
805205433
40708110
49596823
798784185
926501630
428978078
920856416
587416334
614808872
491440558
61198881
9867876
184730511
714666191
296137567
208406584
829772243
291232899
49467553
289222996
523039476
935773143
540227852
971097823
171454683
773234860
467778955
60806387
771883326
305117751
73113839
342964260
188716334
25766652
477538922
976000461
927912059
354645226
546642819
159274309
879857707
492307813
860371395
776596604
564184158
154190035
780974368
795714868
692454582
812005442
923245517
135820307
294227791
693615532
240983729
822012900
122393328
318650849
15839984
900015341
141623426
245465072
633265474
971373360
227030971
807568659
20649559
696471567
732650346
52081514
213448979
531980880
436802580
255224382
630218755
321081486
153587744
164216162
290526208
672516153
282143095
2971829
637286206
684740547
262936928
557207129
622548638
352238063
437023187
915610511
784454490
2060368
270284277
566730628
455031285
689903017
34092731
384668552
55349196
459638342
670743388
776596604
382116075
459216491
768183564
857158986
282143095
684740547
954953575
843224159
577322733
669586162
750413562
229319118
740856271
884184906
715402693
745014153
916580809
568727831
912736228
732650346
93244371
642964434
884184906
154190035
344253958
572267420
41433629
929776194
239801898
872260606
263456253
282691392
433101221
720039295
673913070
858131679
767221814
2971829
911872348
208406584
861837073
337574177
764851307
286703457
139599951
11247793
336116772
46654971
463295374
772969356
893239132
764851307
298976771
854711853
418124375
122627682
289734493
282143095
177423193
63363528
176045118
638761161
65312746
696308957
732650346
442466045
427295807
336471208
92913782
791043986
442631676
367264112
428978078
479698230
178325389
240575855
264626712
903220008
63357645
717913776
152412598
498142009
546334250
759504089
316052802
331160875
248947313
751384111
488703296
614861237
915610511
526759288
640795963
890824366
937244089
920856416
957262052
456489377
825012867
260148581
213140690
393005209
475983607
717913776
776874673
968546168
135820307
650406145
40708110
685763240
352555461
384668552
317949470
564462764
960209330
206008939
999063728
822963773
525635393
495572944
240983729
350142214
497056000
309903374
381898573
797997515
960209330
361837413
843473324
136669081
735136382
817280374
584353110
1045987
957785498
541105454
768439879
525084604
355352622
36972752
323112224
122423639
687472372
849857306
591310140
81079493
229319118
184545363
471421900
878362129
228524465
962341017
192678730
694218144
359822885
139749931
668053052
256150812
121631884
812005442
126970985
714666191
781016748
381898573
803897411
721604918
165431690
317949470
955175544
93175962
2971829
79106185
36954619
309638595
134990724
845435347
655545820
335631524
757196055
475359298
557207129
407416704
986738220
44111488
282287314
642508143
584953675
534638008
951603599
877602346
908388156
2518429
965772584
350142214
81688841
121332473
905237766
652090567
378645504
908136992
820516846
968546168
287775353
609029929
365527849
996342232
750413562
34841389
689319695
775442954
103964012
816852105
17334390
462947606
804674049
663455339
931523205
568748562
366112325
229909820
627741840
781615730
795343854
913846126
239801898
366179106
196423647
305117751
366112325
820746988
695589477
192790657
890721690
732650346
886691984
918178911
396351817
968729111
620068661
836980001
973915714
331807226
4140183
726246517
428113267
941635148
707041494
61830037
358450475
748799604
215996511
298737092
899932529
84912219
338162570
584953675
183014385
106389145
206008939
611189343
735835024
813942062
41565220
48321333
564462764
968033909
472693188
132679744
277148783
790122366
752076540
264626712
241147482
264103018
515826909
290572781
494707543
931786942
440139398
468964704
483663711
239353660
127248312
66302909
705565716
105900709
829024444
273029402
627913351
925342836
749747370
718683932
409459575
103463472
509014151
206008939
216182960
336471208
606052616
577239252
196108081
346945244
994147100
154190035
961729136
158503574
843555428
884184906
901064734
60806387
653733057
386665673
744804032
462947606
747629846
891651760
885798713
815114112
208032691
196282011
492148913
968546168
133390229
438323725
817729799
311717230
29185406
838366112
208435287
74111663
398667144
17334390
128550083
296878694
365917688
196282011
110596537
671653374
751837729
128443231
122393328
448676677
382847596
41565220
144500323
373892448
17712948
901064734
741770971
739957054
66302909
853564922
754915985
774190829
772969356
895479440
601532651
797057853
650921118
579331774
572084676
751384111
546334250
62299868
196125785
517789677
884519531
110575072
85268934
252742759
435106236
335120548
762161967
651460578
881763014
110596537
656114553
106389145
183014385
677876292
177091470
46654971
43803694
