758426460
856493417
813727699
706765605
951917060
176453181
792060900
813727699
813727699
910789485
736458901
478248409
305452131
912199577
931560992
813727699
440603898
863087291
850492772
782313814
856493417
260415551
257368199
888181456
576579973
951741414
833665913
976408184
863087291
564087664
529295106
198716775
938571381
742662151
529295106
959359742
305452131
312658686
278169817
876349058
395784977
997677833
824646575
804370766
79508375
896055924
707654898
433252390
821017305
238408804
770201340
966169319
706765605
591275554
568556459
898729612
576579973
305452131
928624286
581491344
530249053
871474255
441802554
838603031
564087664
430714243
863466566
863087291
568556459
702792268
260415551
947248373
804370766
813727699
707654898
403941148
289160383
427033859
994621506
844828438
765164818
792060900
370170762
755263841
289160383
850492772
576579973
351336030
810255717
844828438
530249053
575122717
931858655
983419042
898729612
898729612
104735817
749578684
872036780
575122717
968263897
898729612
256192648
711284452
804370766
950673432
441802554
810255717
489346757
489346757
804370766
426652513
289160383
999434791
660087177
508439289
999434791
827311762
697945200
968263897
489115830
888181456
257368199
804370766
532558324
896055924
478248409
959359742
884379972
793154600
876349058
706765605
810255717
129234354
988825754
351336030
508439289
484650287
174301440
290906432
622450550
698248693
755263841
931560992
229358394
872036780
960910975
755263841
451466845
810255717
976408184
793154600
938571381
697945200
537924048
884379972
953692901
408628931
257368199
804370766
804370766
999434791
863087291
698248693
960910975
884379972
976408184
433252390
782313814
856493417
472727679
237709823
622450550
532558324
681430841
999434791
999434791
999434791
888181456
257368199
500898133
844828438
999303810
960910975
706583147
307739372
975931922
905944149
931560992
833665913
749578684
408628931
16083502
749578684
729137063
427033859
698248693
999434791
874679789
951741414
552358440
697945200
481154751
901001408
999434791
176453181
793154600
105677595
966169319
501783287
988825754
16083502
783805639
931560992
140114667
697945200
994621506
568556459
888181456
698248693
698248693
959359742
850492772
127451557
384694518
454987464
884379972
793154600
872036780
133116307
702792268
127451557
546455851
976408184
783805639
622450550
793154600
847693887
481154751
660656116
140114667
976408184
863087291
546852051
884379972
105677595
438053769
285016194
879778233
884379972
104735817
286668315
951741414
999303810
576579973
999434791
392151096
944479600
888181456
667862498
472727679
793154600
532558324
938571381
788981408
698248693
938571381
940481892
764763053
729137063
938571381
749578684
649010324
827503307
953692901
840667837
937043844
793154600
910789485
612917306
884379972
847693887
980491899
896055924
667862498
667862498
697945200
408628931
938571381
940481892
983419042
618697895
22611873
793154600
401940773
474120268
710680176
495804081
976408184
299733534
582283103
710680176
454987464
310381698
838603031
312658686
846699711
935896554
582283103
680766390
838603031
788981408
262656479
672414117
788981408
813477965
813477965
706765605
517640989
951741414
999303810
900800533
976408184
947248373
438053769
937043844
896055924
312658686
569033725
846699711
496019072
764763053
766486086
827311762
980491899
947248373
746282580
937043844
940481892
727857351
950673432
680766390
195822801
454987464
431551360
891331825
783805639
595399362
950673432
645837817
532558324
764763053
888181456
999434791
909449500
793154600
753938797
983419042
672414117
810255717
495804081
872036780
833665913
783805639
999303810
454987464
729137063
925916134
489115830
174301440
847693887
810987969
994536204
749578684
999303810
962414407
624097631
807059206
310381698
938571381
998695616
827311762
766486086
288060528
980491899
842057043
727857351
935016435
731835685
937561311
955021389
622450550
994536204
850492772
871474255
729137063
965151720
810255717
764763053
999434791
332192313
953692901
706765605
746282580
286668315
953692901
955064366
727857351
896055924
960910975
996981375
481154751
880450444
933262731
22611873
996981375
127451557
928014017
546455851
950673432
951917060
888181456
481154751
963674619
947248373
742662151
742662151
955064366
706765605
810255717
782313814
17502771
431551360
888181456
935896554
951917060
667666533
982333546
996981375
595399362
780012260
951741414
660656116
995081650
766486086
637902252
645837817
840667837
935016435
231187303
784554893
838603031
755263841
568556459
93782842
304745379
645837817
842057043
953692901
842057043
450893472
758234546
827311762
884379972
810255717
335105539
880450444
999434791
758234546
840184161
809076726
838695231
66446425
708781351
532558324
863087291
784554893
788981408
960910975
738967845
239886963
870082894
880450444
746282580
966254963
999303810
764763053
999303810
782313814
871474255
976408184
450893472
842057043
809076726
995081650
592492715
637902252
838695231
706765605
955064366
938571381
568556459
664462645
933458634
401940773
996981375
880450444
568556459
758234546
863087291
937043844
558827800
727857351
955458393
568556459
492315299
474120268
996981375
783805639
66446425
976408184
840184161
342219427
766486086
660772612
288060528
645837817
976408184
594450078
706792253
888181456
783668184
474120268
809076726
764763053
916889048
916889048
882722747
938571381
660184755
706792253
827311762
672400199
966397340
66446425
104974718
842057043
933458634
863087291
92402619
508439289
227124834
935896554
842057043
745322337
951917060
661716311
837235761
729137063
950673432
868766840
610944242
745322337
680766390
597342786
840184161
813477965
956679810
660087177
764763053
782423291
852886714
92402619
847693887
916889048
907683651
879978712
937043844
966397340
674928444
660087177
857746719
933458634
953692901
592492715
905944149
935896554
960910975
660656116
706792253
879978712
937043844
783668184
594450078
943120325
953055840
989716229
766486086
267566785
999519101
792594093
92402619
842057043
784554893
720387900
760852760
569033725
227124834
966254963
731835685
783668184
800067806
955064366
888181456
888181456
996981375
622752742
966254963
916889048
937043844
645837817
996981375
891331825
996981375
114013860
645335792
847693887
660184755
888181456
503629421
937043844
117311538
758234546
941452027
971241257
213363323
838220873
11138054
30199949
30199949
971898423
847693887
955458393
941647845
792594093
888181456
592588188
568556459
730836954
718209692
999303810
194851933
863087291
792594093
823938205
863087291
891331825
568556459
996981375
937043844
999303810
999303810
999519101
907683651
332192313
792594093
916889048
783668184
375633924
800067806
831170216
527296903
863087291
660087177
999434791
999519101
955064366
928014017
375633924
730836954
456747634
726951453
580817744
879978712
783668184
729137063
450893472
758611521
587819773
989716229
827311762
481154751
749578684
569033725
983092906
989716229
813477965
645335792
879978712
479600671
914798481
890243116
971091866
871624480
955021389
891851746
831170216
453985914
891851746
966254963
216932385
959157233
645837817
971091866
999303810
617300370
983092906
857746719
804582890
934089440
943120325
966254963
959157233
294718625
508369797
532786332
718209692
594064007
955021389
813477965
924896061
720387900
958444814
924896061
941452027
513129657
891851746
857746719
729137063
727857351
842057043
580817744
957500758
934089440
912979877
890243116
592492715
697711029
807059206
891851746
891331825
758234546
718209692
595492442
309392387
114013860
857210763
996981375
891331825
991301717
951917060
827311762
784554893
727857351
890243116
771388126
989308618
587819773
959157233
706765605
608174779
955458393
736569128
928014017
726951453
831170216
645335792
879978712
16083502
776117196
508439289
717463792
437688031
592492715
776117196
996981375
955021389
527296903
889841681
870082894
934089440
114013860
983092906
999303810
966397340
955064366
891851746
823008921
294718625
592492715
966254963
672414117
749078299
890243116
870082894
508369797
757603962
955064366
852196600
567514431
753392465
194851933
957500758
871624480
309392387
706765605
999434791
831170216
950673432
738967845
567514431
768164359
768164359
771388126
563314840
16083502
776117196
941742389
558827800
745322337
560978321
768164359
425432390
951917060
657294703
768164359
563314840
891331825
474120268
726951453
958444814
943120325
827311762
955458393
660087177
716035624
991301717
736569128
891851746
768164359
589376972
941742389
896610712
589376972
675614381
617300370
637143207
871474255
716035624
891851746
959157233
174301440
804582890
654067458
317427236
958444814
444817563
754592748
895042039
672414117
301370783
895042039
532786332
563314840
915110882
955021389
818956311
309392387
511318160
827311762
768164359
817707262
426805921
879978712
976984645
391197004
824166372
989308618
485149268
868520922
108685646
870082894
771388126
608174779
675614381
738967845
776117196
955064366
532786332
204113783
752717879
862182843
976984645
732419405
675614381
560978321
966254963
183787787
391197004
625417484
955458393
732419405
654067458
216932385
587819773
823938205
675614381
586593493
192259111
720387900
958444814
650462903
533685533
203367676
838132634
838132634
317427236
79455869
626306739
736569128
492315299
608174779
955507831
895042039
868520922
768164359
675614381
825837538
747579259
587819773
594064007
475385152
873314787
733027398
590302101
989539233
637143207
288060528
768164359
989539233
907683651
959157233
992520212
492315299
838132634
907683651
432727818
955458393
823938205
955458393
309392387
706765605
194851933
474642163
328743134
739565488
831975379
823938205
966397340
940146477
664648577
966397340
957500758
955064366
917187354
432727818
654067458
955064366
204113783
872284799
779874994
831975379
872284799
871624480
442801647
626306739
747579259
989308618
928014017
917187354
616590938
