26
26
26
254
26
26
26
31
518
26
151
26
271
26
26
26
40
10
21
26
26
555
26
26
93
26
26
26
26
26
26
26
320
26
26
26
26
26
26
26
26
254
26
26
26
26
26
364
26
26
26
26
26
26
26
26
26
26
26
26
26
26
26
26
26
26
26
26
26
26
26
26
26
594
26
26
26
26
26
274
26
26
26
26
443
26
26
26
94
427
26
26
599
95
26
26
26
26
26
26
27
26
555
390
26
360
300
26
137
26
26
26
279
26
26
254
26
26
254
26
26
26
555
552
367
26
26
26
26
26
493
26
26
26
555
26
214
26
26
254
26
26
26
26
26
26
26
26
26
26
26
26
26
444
26
26
26
26
26
254
26
26
26
26
408
26
26
555
26
26
53
254
26
26
26
555
359
26
26
254
26
26
300
26
26
254
26
26
335
26
26
26
27
26
26
26
26
26
26
26
26
26
173
26
26
26
254
568
26
26
26
26
310
555
632
254
26
26
26
26
223
26
26
26
26
93
26
231
26
555
26
26
26
26
26
26
26
26
26
26
26
26
26
26
26
367
26
26
26
26
26
158
26
26
390
26
26
26
26
26
26
26
26
382
26
26
26
26
26
254
26
584
615
254
26
254
26
26
26
137
204
555
26
590
26
26
26
46
26
26
26
26
137
26
26
555
26
555
26
21
26
26
26
26
288
26
26
26
26
382
535
26
26
26
26
26
170
26
254
26
26
26
26
254
26
26
26
26
254
21
26
26
26
26
26
402
254
26
26
26
26
254
26
26
26
26
391
26
26
26
26
26
26
26
26
26
26
26
26
26
563
26
77
26
26
26
26
493
77
26
26
26
94
26
26
26
26
26
26
26
26
26
30
26
169
26
254
26
26
549
254
370
26
160
26
26
26
26
137
565
26
26
156
26
26
26
555
26
26
26
349
26
26
26
26
198
26
26
26
26
26
26
206
254
26
26
26
26
156
177
26
457
26
94
273
26
26
471
26
26
77
26
364
26
26
26
26
26
254
26
26
26
239
26
26
555
26
382
86
26
26
26
26
26
26
26
26
26
26
26
26
26
254
481
26
367
26
26
26
26
26
26
26
26
254
26
26
26
26
24
26
26
26
26
26
26
26
26
26
238
26
26
26
596
310
26
26
68
26
26
26
26
26
26
26
26
254
254
26
26
254
254
26
26
26
26
26
26
26
310
26
26
493
254
26
137
26
26
26
130
26
26
311
193
358
26
26
26
254
457
448
26
431
26
26
26
26
26
555
555
26
26
26
26
26
26
26
26
26
384
26
26
26
459
26
26
26
26
26
26
137
26
26
470
254
26
26
164
26
26
26
357
26
26
555
26
324
26
26
338
26
26
26
26
26
193
26
26
254
170
254
254
250
26
26
137
26
26
211
26
254
555
382
26
26
26
26
26
26
254
380
26
26
26
26
26
26
26
26
26
26
475
26
26
26
26
26
26
271
26
182
26
26
493
254
555
26
26
26
26
26
26
26
26
26
307
26
555
26
254
53
26
555
26
26
26
26
26
643
26
77
26
26
26
26
26
254
26
26
26
93
26
26
26
26
26
26
284
26
26
232
26
26
26
26
236
26
26
137
26
26
26
374
271
26
26
26
26
366
89
248
26
26
26
26
26
92
26
26
446
21
254
26
26
362
26
26
26
567
26
26
26
26
26
626
26
26
114
26
26
26
26
26
26
526
26
26
26
26
26
26
26
26
26
493
26
26
26
26
26
555
254
26
26
309
493
26
26
27
26
26
26
26
26
26
26
26
26
26
26
26
254
26
26
12
26
26
26
26
1
26
26
503
26
26
26
26
26
26
26
26
26
254
254
310
270
26
26
26
555
26
26
26
555
26
26
26
26
26
26
26
270
26
327
471
26
26
26
26
555
26
26
