379
379
482
479
398
379
632
379
222
379
416
755
398
224
558
358
281
632
224
475
379
168
344
173
379
579
519
399
379
150
193
344
433
257
171
224
771
704
379
475
459
379
471
224
398
564
438
379
168
150
577
379
379
379
398
533
379
295
379
769
687
734
150
379
398
602
398
15
250
224
455
717
224
137
722
398
1
112
379
440
150
153
632
398
379
782
224
681
546
379
344
459
204
704
379
379
722
224
201
379
379
224
2
224
399
150
398
379
379
222
153
465
379
379
621
286
508
379
224
11
93
379
30
261
379
398
458
632
445
379
595
379
713
665
490
224
379
379
398
398
379
632
1
224
328
424
383
379
172
398
224
160
51
737
398
379
379
142
632
687
131
379
423
224
379
126
224
399
578
224
224
695
222
379
599
89
169
577
620
379
224
222
379
770
379
399
89
381
646
379
169
632
491
379
486
382
379
224
31
224
398
722
301
544
596
379
150
398
398
224
55
620
398
224
664
150
171
550
450
224
722
379
465
328
379
168
632
152
628
632
694
379
224
582
379
121
577
638
722
224
224
224
569
201
561
712
105
459
681
342
103
224
722
169
379
379
398
690
35
257
481
704
382
257
145
224
212
379
379
352
295
153
29
465
322
131
224
602
561
169
295
609
379
169
379
632
379
161
398
398
399
190
89
137
326
754
632
224
379
224
398
224
379
675
704
771
89
203
379
379
112
434
382
379
379
498
379
137
131
719
224
379
164
623
773
205
114
233
459
398
379
379
112
621
281
450
493
695
28
9
786
538
143
103
704
603
704
420
519
704
153
475
577
420
222
89
704
328
379
398
162
681
382
224
687
696
632
224
150
379
398
379
379
698
379
379
379
704
169
704
494
262
398
224
632
441
150
379
30
399
143
257
67
632
257
494
398
343
257
224
475
222
398
379
398
423
672
224
180
496
632
224
9
222
379
482
379
398
28
704
169
525
103
75
398
224
280
465
379
379
236
704
700
579
398
462
704
224
704
379
224
379
459
224
224
224
379
704
91
632
112
257
224
168
286
224
224
261
257
355
224
498
697
398
150
111
399
465
398
379
573
722
704
398
398
92
379
779
577
171
704
619
722
704
224
398
121
398
632
621
224
427
498
9
398
465
261
399
171
722
462
257
224
